2021-01-26 00:50:20 -Starting TradeApplicationTests on Terry with PID 15520 (started by Administrator in D:\IDEA\Trade)
2021-01-26 00:50:20 -Running with Spring Boot v2.2.6.RELEASE, Spring v5.2.5.RELEASE
2021-01-26 00:50:20 -The following profiles are active: dev
2021-01-26 00:50:24 -Mapped URL path [/v2/api-docs] onto method [springfox.documentation.swagger2.web.Swagger2Controller#getDocumentation(String, HttpServletRequest)]
2021-01-26 00:50:25 -Initializing ExecutorService 'applicationTaskExecutor'
2021-01-26 00:50:25 -Using default implementation for ThreadExecutor
2021-01-26 00:50:25 -Initialized Scheduler Signaller of type: class org.quartz.core.SchedulerSignalerImpl
2021-01-26 00:50:25 -Quartz Scheduler v.2.2.1 created.
2021-01-26 00:50:25 -RAMJobStore initialized.
2021-01-26 00:50:25 -Scheduler meta-data: Quartz Scheduler (v2.2.1) 'quartzScheduler' with instanceId 'NON_CLUSTERED'
  Scheduler class: 'org.quartz.core.QuartzScheduler' - running locally.
  NOT STARTED.
  Currently in standby mode.
  Number of jobs executed: 0
  Using thread pool 'org.quartz.simpl.SimpleThreadPool' - with 10 threads.
  Using job-store 'org.quartz.simpl.RAMJobStore' - which does not support persistence. and is not clustered.

2021-01-26 00:50:25 -Quartz scheduler 'quartzScheduler' initialized from an externally provided properties instance.
2021-01-26 00:50:25 -Quartz scheduler version: 2.2.1
2021-01-26 00:50:25 -JobFactory set to: org.springframework.scheduling.quartz.SpringBeanJobFactory@7ea2412c
2021-01-26 00:50:25 -Context refreshed
2021-01-26 00:50:25 -Found 1 custom documentation plugin(s)
2021-01-26 00:50:26 -Scanning for api listing references
2021-01-26 00:50:26 -Starting Quartz Scheduler now
2021-01-26 00:50:26 -Scheduler quartzScheduler_$_NON_CLUSTERED started.
2021-01-26 00:50:26 -Started TradeApplicationTests in 7.055 seconds (JVM running for 9.249)
2021-01-26 00:50:26 -{dataSource-1} inited
2021-01-26 00:50:27 -==>  Preparing: delete from trade_input; 
2021-01-26 00:50:27 -==> Parameters: 
2021-01-26 00:50:27 -<==    Updates: 6
2021-01-26 00:50:27 -A
2021-01-26 00:50:27 -securityCodeOld
2021-01-26 00:50:27 -==>  Preparing: insert into trade_input ( `TRANSCATION_ID`, `TRADE_ID`, `VERSION`, `SECURITY_CODE`, `QUANTITY`, `OPERATION_TYPE`, `SELL_TYPE`, `OPERATION_DATE`, `IS_VALID`, `REAL_QUANTITY` ) values ( ?, ?, ?, ?, ?, ?, ?, ?, ?, ? ) 
2021-01-26 00:50:27 -==> Parameters: 1(Integer), 1(Integer), 1(Integer), REL(String), 50(Integer), INSERT(String), Buy(String), 2021-01-26 00:50:27.302(Timestamp), Y(String), 50(Integer)
2021-01-26 00:50:27 -<==    Updates: 1
2021-01-26 00:50:27 -==>  Preparing: delete from trade_output where security_Code in ( ? ) 
2021-01-26 00:50:27 -==> Parameters: REL(String)
2021-01-26 00:50:27 -<==    Updates: 1
2021-01-26 00:50:27 -==>  Preparing: select sum(a.REAL_QUANTITY) 'QUANTITY',a.SECURITY_CODE from trade_input a where is_Valid='Y' and security_Code in ( ? ) group by a.SECURITY_CODE 
2021-01-26 00:50:27 -==> Parameters: REL(String)
2021-01-26 00:50:27 -<==      Total: 1
2021-01-26 00:50:27 -==>  Preparing: insert into trade_output (SECURITY_CODE, QUANTITY ) values ( ?, ? ) 
2021-01-26 00:50:27 -==> Parameters: REL(String), 50(Integer)
2021-01-26 00:50:27 -<==    Updates: 1
2021-01-26 00:50:27 -securityCodeOld
2021-01-26 00:50:27 -==>  Preparing: insert into trade_input ( `TRANSCATION_ID`, `TRADE_ID`, `VERSION`, `SECURITY_CODE`, `QUANTITY`, `OPERATION_TYPE`, `SELL_TYPE`, `OPERATION_DATE`, `IS_VALID`, `REAL_QUANTITY` ) values ( ?, ?, ?, ?, ?, ?, ?, ?, ?, ? ) 
2021-01-26 00:50:27 -==> Parameters: 2(Integer), 2(Integer), 1(Integer), ITC(String), 40(Integer), INSERT(String), Sell(String), 2021-01-26 00:50:27.528(Timestamp), Y(String), -40(Integer)
2021-01-26 00:50:27 -<==    Updates: 1
2021-01-26 00:50:27 -==>  Preparing: delete from trade_output where security_Code in ( ? ) 
2021-01-26 00:50:27 -==> Parameters: ITC(String)
2021-01-26 00:50:27 -<==    Updates: 1
2021-01-26 00:50:27 -==>  Preparing: select sum(a.REAL_QUANTITY) 'QUANTITY',a.SECURITY_CODE from trade_input a where is_Valid='Y' and security_Code in ( ? ) group by a.SECURITY_CODE 
2021-01-26 00:50:27 -==> Parameters: ITC(String)
2021-01-26 00:50:27 -<==      Total: 1
2021-01-26 00:50:27 -==>  Preparing: insert into trade_output (SECURITY_CODE, QUANTITY ) values ( ?, ? ) 
2021-01-26 00:50:27 -==> Parameters: ITC(String), -40(Integer)
2021-01-26 00:50:27 -<==    Updates: 1
2021-01-26 00:50:27 -securityCodeOld
2021-01-26 00:50:27 -==>  Preparing: insert into trade_input ( `TRANSCATION_ID`, `TRADE_ID`, `VERSION`, `SECURITY_CODE`, `QUANTITY`, `OPERATION_TYPE`, `SELL_TYPE`, `OPERATION_DATE`, `IS_VALID`, `REAL_QUANTITY` ) values ( ?, ?, ?, ?, ?, ?, ?, ?, ?, ? ) 
2021-01-26 00:50:27 -==> Parameters: 3(Integer), 3(Integer), 1(Integer), INF(String), 70(Integer), INSERT(String), Buy(String), 2021-01-26 00:50:27.631(Timestamp), Y(String), 70(Integer)
2021-01-26 00:50:27 -<==    Updates: 1
2021-01-26 00:50:27 -==>  Preparing: delete from trade_output where security_Code in ( ? ) 
2021-01-26 00:50:27 -==> Parameters: INF(String)
2021-01-26 00:50:27 -<==    Updates: 1
2021-01-26 00:50:27 -==>  Preparing: select sum(a.REAL_QUANTITY) 'QUANTITY',a.SECURITY_CODE from trade_input a where is_Valid='Y' and security_Code in ( ? ) group by a.SECURITY_CODE 
2021-01-26 00:50:27 -==> Parameters: INF(String)
2021-01-26 00:50:27 -<==      Total: 1
2021-01-26 00:50:27 -==>  Preparing: insert into trade_output (SECURITY_CODE, QUANTITY ) values ( ?, ? ) 
2021-01-26 00:50:27 -==> Parameters: INF(String), 70(Integer)
2021-01-26 00:50:27 -<==    Updates: 1
2021-01-26 00:50:27 -==>  Preparing: select a.TRANSACTION_OUTPUT_ID,a.SECURITY_CODE,a.QUANTITY from trade_output a WHERE 1 = 1 order by a.TRANSACTION_OUTPUT_ID desc 
2021-01-26 00:50:27 -==> Parameters: 
2021-01-26 00:50:27 -<==      Total: 3
2021-01-26 00:50:27 -B
2021-01-26 00:50:27 -==>  Preparing: select a.TRADE_INPUT_ID,a.TRANSCATION_ID,a.TRADE_ID,a.VERSION,a.SECURITY_CODE,a.QUANTITY,a.OPERATION_TYPE,a.SELL_TYPE,a.OPERATION_DATE,a.IS_VALID,a.REAL_QUANTITY from trade_input a WHERE 1 = 1 and a.TRADE_ID = ? and a.IS_VALID = ? order by a.TRADE_INPUT_ID desc 
2021-01-26 00:50:27 -==> Parameters: 1(Integer), Y(String)
2021-01-26 00:50:27 -<==      Total: 1
2021-01-26 00:50:27 -tradeInputs
2021-01-26 00:50:27 -==>  Preparing: update trade_input SET `TRANSCATION_ID` = ?, `TRADE_ID` = ?, `VERSION` = ?, `SECURITY_CODE` = ?, `QUANTITY` = ?, `OPERATION_TYPE` = ?, `SELL_TYPE` = ?, `OPERATION_DATE` = ?, `IS_VALID` = ?, `REAL_QUANTITY` = ? where TRADE_INPUT_ID = ? 
2021-01-26 00:50:27 -==> Parameters: 1(Integer), 1(Integer), 1(Integer), REL(String), 50(Integer), INSERT(String), Buy(String), 2021-01-26 00:50:27.0(Timestamp), N(String), 50(Integer), 194(Integer)
2021-01-26 00:50:27 -<==    Updates: 1
2021-01-26 00:50:27 -securityCodeOld
2021-01-26 00:50:27 -==>  Preparing: insert into trade_input ( `TRANSCATION_ID`, `TRADE_ID`, `VERSION`, `SECURITY_CODE`, `QUANTITY`, `OPERATION_TYPE`, `SELL_TYPE`, `OPERATION_DATE`, `IS_VALID`, `REAL_QUANTITY` ) values ( ?, ?, ?, ?, ?, ?, ?, ?, ?, ? ) 
2021-01-26 00:50:27 -==> Parameters: 4(Integer), 1(Integer), 2(Integer), REL(String), 60(Integer), UPDATE(String), Buy(String), 2021-01-26 00:50:27.826(Timestamp), Y(String), 60(Integer)
2021-01-26 00:50:27 -<==    Updates: 1
2021-01-26 00:50:27 -==>  Preparing: delete from trade_output where security_Code in ( ? ) 
2021-01-26 00:50:27 -==> Parameters: REL(String)
2021-01-26 00:50:27 -<==    Updates: 1
2021-01-26 00:50:27 -==>  Preparing: select sum(a.REAL_QUANTITY) 'QUANTITY',a.SECURITY_CODE from trade_input a where is_Valid='Y' and security_Code in ( ? ) group by a.SECURITY_CODE 
2021-01-26 00:50:27 -==> Parameters: REL(String)
2021-01-26 00:50:27 -<==      Total: 1
2021-01-26 00:50:27 -==>  Preparing: insert into trade_output (SECURITY_CODE, QUANTITY ) values ( ?, ? ) 
2021-01-26 00:50:27 -==> Parameters: REL(String), 60(Integer)
2021-01-26 00:50:27 -<==    Updates: 1
2021-01-26 00:50:27 -==>  Preparing: select a.TRANSACTION_OUTPUT_ID,a.SECURITY_CODE,a.QUANTITY from trade_output a WHERE 1 = 1 order by a.TRANSACTION_OUTPUT_ID desc 
2021-01-26 00:50:27 -==> Parameters: 
2021-01-26 00:50:27 -<==      Total: 3
2021-01-26 00:50:27 -C
2021-01-26 00:50:27 -==>  Preparing: select a.TRADE_INPUT_ID,a.TRANSCATION_ID,a.TRADE_ID,a.VERSION,a.SECURITY_CODE,a.QUANTITY,a.OPERATION_TYPE,a.SELL_TYPE,a.OPERATION_DATE,a.IS_VALID,a.REAL_QUANTITY from trade_input a WHERE 1 = 1 and a.TRADE_ID = ? and a.IS_VALID = ? order by a.TRADE_INPUT_ID desc 
2021-01-26 00:50:27 -==> Parameters: 2(Integer), Y(String)
2021-01-26 00:50:27 -<==      Total: 1
2021-01-26 00:50:27 -tradeInputs
2021-01-26 00:50:27 -==>  Preparing: update trade_input SET `TRANSCATION_ID` = ?, `TRADE_ID` = ?, `VERSION` = ?, `SECURITY_CODE` = ?, `QUANTITY` = ?, `OPERATION_TYPE` = ?, `SELL_TYPE` = ?, `OPERATION_DATE` = ?, `IS_VALID` = ?, `REAL_QUANTITY` = ? where TRADE_INPUT_ID = ? 
2021-01-26 00:50:27 -==> Parameters: 2(Integer), 2(Integer), 1(Integer), ITC(String), 40(Integer), INSERT(String), Sell(String), 2021-01-26 00:50:28.0(Timestamp), N(String), -40(Integer), 195(Integer)
2021-01-26 00:50:27 -<==    Updates: 1
2021-01-26 00:50:27 -securityCodeOld
2021-01-26 00:50:27 -==>  Preparing: insert into trade_input ( `TRANSCATION_ID`, `TRADE_ID`, `VERSION`, `SECURITY_CODE`, `QUANTITY`, `OPERATION_TYPE`, `SELL_TYPE`, `OPERATION_DATE`, `IS_VALID`, `REAL_QUANTITY` ) values ( ?, ?, ?, ?, ?, ?, ?, ?, ?, ? ) 
2021-01-26 00:50:27 -==> Parameters: 5(Integer), 2(Integer), 2(Integer), ITC(String), 30(Integer), CANCEL(String), Buy(String), 2021-01-26 00:50:27.982(Timestamp), Y(String), 0(Integer)
2021-01-26 00:50:28 -<==    Updates: 1
2021-01-26 00:50:28 -==>  Preparing: delete from trade_output where security_Code in ( ? ) 
2021-01-26 00:50:28 -==> Parameters: ITC(String)
2021-01-26 00:50:28 -<==    Updates: 1
2021-01-26 00:50:28 -==>  Preparing: select sum(a.REAL_QUANTITY) 'QUANTITY',a.SECURITY_CODE from trade_input a where is_Valid='Y' and security_Code in ( ? ) group by a.SECURITY_CODE 
2021-01-26 00:50:28 -==> Parameters: ITC(String)
2021-01-26 00:50:28 -<==      Total: 1
2021-01-26 00:50:28 -==>  Preparing: insert into trade_output (SECURITY_CODE, QUANTITY ) values ( ?, ? ) 
2021-01-26 00:50:28 -==> Parameters: ITC(String), 0(Integer)
2021-01-26 00:50:28 -<==    Updates: 1
2021-01-26 00:50:28 -==>  Preparing: select a.TRANSACTION_OUTPUT_ID,a.SECURITY_CODE,a.QUANTITY from trade_output a WHERE 1 = 1 order by a.TRANSACTION_OUTPUT_ID desc 
2021-01-26 00:50:28 -==> Parameters: 
2021-01-26 00:50:28 -<==      Total: 3
2021-01-26 00:50:28 -D
2021-01-26 00:50:28 -securityCodeOld
2021-01-26 00:50:28 -==>  Preparing: insert into trade_input ( `TRANSCATION_ID`, `TRADE_ID`, `VERSION`, `SECURITY_CODE`, `QUANTITY`, `OPERATION_TYPE`, `SELL_TYPE`, `OPERATION_DATE`, `IS_VALID`, `REAL_QUANTITY` ) values ( ?, ?, ?, ?, ?, ?, ?, ?, ?, ? ) 
2021-01-26 00:50:28 -==> Parameters: 6(Integer), 4(Integer), 1(Integer), INF(String), 20(Integer), INSERT(String), Sell(String), 2021-01-26 00:50:28.097(Timestamp), Y(String), -20(Integer)
2021-01-26 00:50:28 -<==    Updates: 1
2021-01-26 00:50:28 -==>  Preparing: delete from trade_output where security_Code in ( ? ) 
2021-01-26 00:50:28 -==> Parameters: INF(String)
2021-01-26 00:50:28 -<==    Updates: 1
2021-01-26 00:50:28 -==>  Preparing: select sum(a.REAL_QUANTITY) 'QUANTITY',a.SECURITY_CODE from trade_input a where is_Valid='Y' and security_Code in ( ? ) group by a.SECURITY_CODE 
2021-01-26 00:50:28 -==> Parameters: INF(String)
2021-01-26 00:50:28 -<==      Total: 1
2021-01-26 00:50:28 -==>  Preparing: insert into trade_output (SECURITY_CODE, QUANTITY ) values ( ?, ? ) 
2021-01-26 00:50:28 -==> Parameters: INF(String), 50(Integer)
2021-01-26 00:50:28 -<==    Updates: 1
2021-01-26 00:50:28 -==>  Preparing: select a.TRANSACTION_OUTPUT_ID,a.SECURITY_CODE,a.QUANTITY from trade_output a WHERE 1 = 1 order by a.TRANSACTION_OUTPUT_ID desc 
2021-01-26 00:50:28 -==> Parameters: 
2021-01-26 00:50:28 -<==      Total: 3
2021-01-26 00:50:28 -Scheduler quartzScheduler_$_NON_CLUSTERED paused.
2021-01-26 00:50:28 -Shutting down Quartz Scheduler
2021-01-26 00:50:28 -Scheduler quartzScheduler_$_NON_CLUSTERED shutting down.
2021-01-26 00:50:28 -Scheduler quartzScheduler_$_NON_CLUSTERED paused.
2021-01-26 00:50:28 -Scheduler quartzScheduler_$_NON_CLUSTERED shutdown complete.
2021-01-26 00:50:28 -Shutting down ExecutorService 'applicationTaskExecutor'
2021-01-26 00:50:28 -{dataSource-1} closed
2021-01-26 23:21:23 -Starting TradeApplicationTests on Terry with PID 12104 (started by Administrator in D:\IDEA\Trade)
2021-01-26 23:21:23 -Running with Spring Boot v2.2.6.RELEASE, Spring v5.2.5.RELEASE
2021-01-26 23:21:23 -The following profiles are active: dev
2021-01-26 23:21:28 -Mapped URL path [/v2/api-docs] onto method [springfox.documentation.swagger2.web.Swagger2Controller#getDocumentation(String, HttpServletRequest)]
2021-01-26 23:21:29 -Initializing ExecutorService 'applicationTaskExecutor'
2021-01-26 23:21:30 -Using default implementation for ThreadExecutor
2021-01-26 23:21:30 -Initialized Scheduler Signaller of type: class org.quartz.core.SchedulerSignalerImpl
2021-01-26 23:21:30 -Quartz Scheduler v.2.2.1 created.
2021-01-26 23:21:30 -RAMJobStore initialized.
2021-01-26 23:21:30 -Scheduler meta-data: Quartz Scheduler (v2.2.1) 'quartzScheduler' with instanceId 'NON_CLUSTERED'
  Scheduler class: 'org.quartz.core.QuartzScheduler' - running locally.
  NOT STARTED.
  Currently in standby mode.
  Number of jobs executed: 0
  Using thread pool 'org.quartz.simpl.SimpleThreadPool' - with 10 threads.
  Using job-store 'org.quartz.simpl.RAMJobStore' - which does not support persistence. and is not clustered.

2021-01-26 23:21:30 -Quartz scheduler 'quartzScheduler' initialized from an externally provided properties instance.
2021-01-26 23:21:30 -Quartz scheduler version: 2.2.1
2021-01-26 23:21:30 -JobFactory set to: org.springframework.scheduling.quartz.SpringBeanJobFactory@4b691611
2021-01-26 23:21:31 -Context refreshed
2021-01-26 23:21:31 -Found 1 custom documentation plugin(s)
2021-01-26 23:21:31 -Scanning for api listing references
2021-01-26 23:21:31 -Starting Quartz Scheduler now
2021-01-26 23:21:31 -Scheduler quartzScheduler_$_NON_CLUSTERED started.
2021-01-26 23:21:31 -Started TradeApplicationTests in 9.849 seconds (JVM running for 17.336)
2021-01-26 23:21:41 -{dataSource-1} inited
2021-01-26 23:21:46 -create connection error, url: jdbc:mysql://localhost:3307/ems-api?useUnicode=true&characterEncoding=utf8&serverTimezone=Asia/Shanghai&allowMultiQueries=true, errorCode 0, state 08S01
com.mysql.cj.jdbc.exceptions.CommunicationsException: Communications link failure

The last packet sent successfully to the server was 0 milliseconds ago. The driver has not received any packets from the server.
	at com.mysql.cj.jdbc.exceptions.SQLError.createCommunicationsException(SQLError.java:174)
	at com.mysql.cj.jdbc.exceptions.SQLExceptionsMapping.translateException(SQLExceptionsMapping.java:64)
	at com.mysql.cj.jdbc.ConnectionImpl.createNewIO(ConnectionImpl.java:836)
	at com.mysql.cj.jdbc.ConnectionImpl.<init>(ConnectionImpl.java:456)
	at com.mysql.cj.jdbc.ConnectionImpl.getInstance(ConnectionImpl.java:246)
	at com.mysql.cj.jdbc.NonRegisteringDriver.connect(NonRegisteringDriver.java:197)
	at com.alibaba.druid.pool.DruidAbstractDataSource.createPhysicalConnection(DruidAbstractDataSource.java:1452)
	at com.alibaba.druid.pool.DruidAbstractDataSource.createPhysicalConnection(DruidAbstractDataSource.java:1516)
	at com.alibaba.druid.pool.DruidDataSource$CreateConnectionThread.run(DruidDataSource.java:2080)
Caused by: com.mysql.cj.exceptions.CJCommunicationsException: Communications link failure

The last packet sent successfully to the server was 0 milliseconds ago. The driver has not received any packets from the server.
	at sun.reflect.NativeConstructorAccessorImpl.newInstance0(Native Method)
	at sun.reflect.NativeConstructorAccessorImpl.newInstance(NativeConstructorAccessorImpl.java:62)
	at sun.reflect.DelegatingConstructorAccessorImpl.newInstance(DelegatingConstructorAccessorImpl.java:45)
	at java.lang.reflect.Constructor.newInstance(Constructor.java:423)
	at com.mysql.cj.exceptions.ExceptionFactory.createException(ExceptionFactory.java:61)
	at com.mysql.cj.exceptions.ExceptionFactory.createException(ExceptionFactory.java:105)
	at com.mysql.cj.exceptions.ExceptionFactory.createException(ExceptionFactory.java:151)
	at com.mysql.cj.exceptions.ExceptionFactory.createCommunicationsException(ExceptionFactory.java:167)
	at com.mysql.cj.protocol.a.NativeSocketConnection.connect(NativeSocketConnection.java:91)
	at com.mysql.cj.NativeSession.connect(NativeSession.java:144)
	at com.mysql.cj.jdbc.ConnectionImpl.connectOneTryOnly(ConnectionImpl.java:956)
	at com.mysql.cj.jdbc.ConnectionImpl.createNewIO(ConnectionImpl.java:826)
	... 6 common frames omitted
Caused by: java.net.ConnectException: Connection refused: connect
	at java.net.DualStackPlainSocketImpl.connect0(Native Method)
	at java.net.DualStackPlainSocketImpl.socketConnect(DualStackPlainSocketImpl.java:79)
	at java.net.AbstractPlainSocketImpl.doConnect(AbstractPlainSocketImpl.java:350)
	at java.net.AbstractPlainSocketImpl.connectToAddress(AbstractPlainSocketImpl.java:206)
	at java.net.AbstractPlainSocketImpl.connect(AbstractPlainSocketImpl.java:188)
	at java.net.PlainSocketImpl.connect(PlainSocketImpl.java:172)
	at java.net.SocksSocketImpl.connect(SocksSocketImpl.java:392)
	at java.net.Socket.connect(Socket.java:589)
	at com.mysql.cj.protocol.StandardSocketFactory.connect(StandardSocketFactory.java:155)
	at com.mysql.cj.protocol.a.NativeSocketConnection.connect(NativeSocketConnection.java:65)
	... 9 common frames omitted
2021-01-26 23:21:50 -create connection error, url: jdbc:mysql://localhost:3307/ems-api?useUnicode=true&characterEncoding=utf8&serverTimezone=Asia/Shanghai&allowMultiQueries=true, errorCode 0, state 08S01
com.mysql.cj.jdbc.exceptions.CommunicationsException: Communications link failure

The last packet sent successfully to the server was 0 milliseconds ago. The driver has not received any packets from the server.
	at com.mysql.cj.jdbc.exceptions.SQLError.createCommunicationsException(SQLError.java:174)
	at com.mysql.cj.jdbc.exceptions.SQLExceptionsMapping.translateException(SQLExceptionsMapping.java:64)
	at com.mysql.cj.jdbc.ConnectionImpl.createNewIO(ConnectionImpl.java:836)
	at com.mysql.cj.jdbc.ConnectionImpl.<init>(ConnectionImpl.java:456)
	at com.mysql.cj.jdbc.ConnectionImpl.getInstance(ConnectionImpl.java:246)
	at com.mysql.cj.jdbc.NonRegisteringDriver.connect(NonRegisteringDriver.java:197)
	at com.alibaba.druid.pool.DruidAbstractDataSource.createPhysicalConnection(DruidAbstractDataSource.java:1452)
	at com.alibaba.druid.pool.DruidAbstractDataSource.createPhysicalConnection(DruidAbstractDataSource.java:1516)
	at com.alibaba.druid.pool.DruidDataSource$CreateConnectionThread.run(DruidDataSource.java:2080)
Caused by: com.mysql.cj.exceptions.CJCommunicationsException: Communications link failure

The last packet sent successfully to the server was 0 milliseconds ago. The driver has not received any packets from the server.
	at sun.reflect.NativeConstructorAccessorImpl.newInstance0(Native Method)
	at sun.reflect.NativeConstructorAccessorImpl.newInstance(NativeConstructorAccessorImpl.java:62)
	at sun.reflect.DelegatingConstructorAccessorImpl.newInstance(DelegatingConstructorAccessorImpl.java:45)
	at java.lang.reflect.Constructor.newInstance(Constructor.java:423)
	at com.mysql.cj.exceptions.ExceptionFactory.createException(ExceptionFactory.java:61)
	at com.mysql.cj.exceptions.ExceptionFactory.createException(ExceptionFactory.java:105)
	at com.mysql.cj.exceptions.ExceptionFactory.createException(ExceptionFactory.java:151)
	at com.mysql.cj.exceptions.ExceptionFactory.createCommunicationsException(ExceptionFactory.java:167)
	at com.mysql.cj.protocol.a.NativeSocketConnection.connect(NativeSocketConnection.java:91)
	at com.mysql.cj.NativeSession.connect(NativeSession.java:144)
	at com.mysql.cj.jdbc.ConnectionImpl.connectOneTryOnly(ConnectionImpl.java:956)
	at com.mysql.cj.jdbc.ConnectionImpl.createNewIO(ConnectionImpl.java:826)
	... 6 common frames omitted
Caused by: java.net.ConnectException: Connection refused: connect
	at java.net.DualStackPlainSocketImpl.connect0(Native Method)
	at java.net.DualStackPlainSocketImpl.socketConnect(DualStackPlainSocketImpl.java:79)
	at java.net.AbstractPlainSocketImpl.doConnect(AbstractPlainSocketImpl.java:350)
	at java.net.AbstractPlainSocketImpl.connectToAddress(AbstractPlainSocketImpl.java:206)
	at java.net.AbstractPlainSocketImpl.connect(AbstractPlainSocketImpl.java:188)
	at java.net.PlainSocketImpl.connect(PlainSocketImpl.java:172)
	at java.net.SocksSocketImpl.connect(SocksSocketImpl.java:392)
	at java.net.Socket.connect(Socket.java:589)
	at com.mysql.cj.protocol.StandardSocketFactory.connect(StandardSocketFactory.java:155)
	at com.mysql.cj.protocol.a.NativeSocketConnection.connect(NativeSocketConnection.java:65)
	... 9 common frames omitted
2021-01-26 23:21:54 -create connection error, url: jdbc:mysql://localhost:3307/ems-api?useUnicode=true&characterEncoding=utf8&serverTimezone=Asia/Shanghai&allowMultiQueries=true, errorCode 0, state 08S01
com.mysql.cj.jdbc.exceptions.CommunicationsException: Communications link failure

The last packet sent successfully to the server was 0 milliseconds ago. The driver has not received any packets from the server.
	at com.mysql.cj.jdbc.exceptions.SQLError.createCommunicationsException(SQLError.java:174)
	at com.mysql.cj.jdbc.exceptions.SQLExceptionsMapping.translateException(SQLExceptionsMapping.java:64)
	at com.mysql.cj.jdbc.ConnectionImpl.createNewIO(ConnectionImpl.java:836)
	at com.mysql.cj.jdbc.ConnectionImpl.<init>(ConnectionImpl.java:456)
	at com.mysql.cj.jdbc.ConnectionImpl.getInstance(ConnectionImpl.java:246)
	at com.mysql.cj.jdbc.NonRegisteringDriver.connect(NonRegisteringDriver.java:197)
	at com.alibaba.druid.pool.DruidAbstractDataSource.createPhysicalConnection(DruidAbstractDataSource.java:1452)
	at com.alibaba.druid.pool.DruidAbstractDataSource.createPhysicalConnection(DruidAbstractDataSource.java:1516)
	at com.alibaba.druid.pool.DruidDataSource$CreateConnectionThread.run(DruidDataSource.java:2080)
Caused by: com.mysql.cj.exceptions.CJCommunicationsException: Communications link failure

The last packet sent successfully to the server was 0 milliseconds ago. The driver has not received any packets from the server.
	at sun.reflect.NativeConstructorAccessorImpl.newInstance0(Native Method)
	at sun.reflect.NativeConstructorAccessorImpl.newInstance(NativeConstructorAccessorImpl.java:62)
	at sun.reflect.DelegatingConstructorAccessorImpl.newInstance(DelegatingConstructorAccessorImpl.java:45)
	at java.lang.reflect.Constructor.newInstance(Constructor.java:423)
	at com.mysql.cj.exceptions.ExceptionFactory.createException(ExceptionFactory.java:61)
	at com.mysql.cj.exceptions.ExceptionFactory.createException(ExceptionFactory.java:105)
	at com.mysql.cj.exceptions.ExceptionFactory.createException(ExceptionFactory.java:151)
	at com.mysql.cj.exceptions.ExceptionFactory.createCommunicationsException(ExceptionFactory.java:167)
	at com.mysql.cj.protocol.a.NativeSocketConnection.connect(NativeSocketConnection.java:91)
	at com.mysql.cj.NativeSession.connect(NativeSession.java:144)
	at com.mysql.cj.jdbc.ConnectionImpl.connectOneTryOnly(ConnectionImpl.java:956)
	at com.mysql.cj.jdbc.ConnectionImpl.createNewIO(ConnectionImpl.java:826)
	... 6 common frames omitted
Caused by: java.net.ConnectException: Connection refused: connect
	at java.net.DualStackPlainSocketImpl.connect0(Native Method)
	at java.net.DualStackPlainSocketImpl.socketConnect(DualStackPlainSocketImpl.java:79)
	at java.net.AbstractPlainSocketImpl.doConnect(AbstractPlainSocketImpl.java:350)
	at java.net.AbstractPlainSocketImpl.connectToAddress(AbstractPlainSocketImpl.java:206)
	at java.net.AbstractPlainSocketImpl.connect(AbstractPlainSocketImpl.java:188)
	at java.net.PlainSocketImpl.connect(PlainSocketImpl.java:172)
	at java.net.SocksSocketImpl.connect(SocksSocketImpl.java:392)
	at java.net.Socket.connect(Socket.java:589)
	at com.mysql.cj.protocol.StandardSocketFactory.connect(StandardSocketFactory.java:155)
	at com.mysql.cj.protocol.a.NativeSocketConnection.connect(NativeSocketConnection.java:65)
	... 9 common frames omitted
2021-01-26 23:21:58 -create connection error, url: jdbc:mysql://localhost:3307/ems-api?useUnicode=true&characterEncoding=utf8&serverTimezone=Asia/Shanghai&allowMultiQueries=true, errorCode 0, state 08S01
com.mysql.cj.jdbc.exceptions.CommunicationsException: Communications link failure

The last packet sent successfully to the server was 0 milliseconds ago. The driver has not received any packets from the server.
	at com.mysql.cj.jdbc.exceptions.SQLError.createCommunicationsException(SQLError.java:174)
	at com.mysql.cj.jdbc.exceptions.SQLExceptionsMapping.translateException(SQLExceptionsMapping.java:64)
	at com.mysql.cj.jdbc.ConnectionImpl.createNewIO(ConnectionImpl.java:836)
	at com.mysql.cj.jdbc.ConnectionImpl.<init>(ConnectionImpl.java:456)
	at com.mysql.cj.jdbc.ConnectionImpl.getInstance(ConnectionImpl.java:246)
	at com.mysql.cj.jdbc.NonRegisteringDriver.connect(NonRegisteringDriver.java:197)
	at com.alibaba.druid.pool.DruidAbstractDataSource.createPhysicalConnection(DruidAbstractDataSource.java:1452)
	at com.alibaba.druid.pool.DruidAbstractDataSource.createPhysicalConnection(DruidAbstractDataSource.java:1516)
	at com.alibaba.druid.pool.DruidDataSource$CreateConnectionThread.run(DruidDataSource.java:2080)
Caused by: com.mysql.cj.exceptions.CJCommunicationsException: Communications link failure

The last packet sent successfully to the server was 0 milliseconds ago. The driver has not received any packets from the server.
	at sun.reflect.NativeConstructorAccessorImpl.newInstance0(Native Method)
	at sun.reflect.NativeConstructorAccessorImpl.newInstance(NativeConstructorAccessorImpl.java:62)
	at sun.reflect.DelegatingConstructorAccessorImpl.newInstance(DelegatingConstructorAccessorImpl.java:45)
	at java.lang.reflect.Constructor.newInstance(Constructor.java:423)
	at com.mysql.cj.exceptions.ExceptionFactory.createException(ExceptionFactory.java:61)
	at com.mysql.cj.exceptions.ExceptionFactory.createException(ExceptionFactory.java:105)
	at com.mysql.cj.exceptions.ExceptionFactory.createException(ExceptionFactory.java:151)
	at com.mysql.cj.exceptions.ExceptionFactory.createCommunicationsException(ExceptionFactory.java:167)
	at com.mysql.cj.protocol.a.NativeSocketConnection.connect(NativeSocketConnection.java:91)
	at com.mysql.cj.NativeSession.connect(NativeSession.java:144)
	at com.mysql.cj.jdbc.ConnectionImpl.connectOneTryOnly(ConnectionImpl.java:956)
	at com.mysql.cj.jdbc.ConnectionImpl.createNewIO(ConnectionImpl.java:826)
	... 6 common frames omitted
Caused by: java.net.ConnectException: Connection refused: connect
	at java.net.DualStackPlainSocketImpl.connect0(Native Method)
	at java.net.DualStackPlainSocketImpl.socketConnect(DualStackPlainSocketImpl.java:79)
	at java.net.AbstractPlainSocketImpl.doConnect(AbstractPlainSocketImpl.java:350)
	at java.net.AbstractPlainSocketImpl.connectToAddress(AbstractPlainSocketImpl.java:206)
	at java.net.AbstractPlainSocketImpl.connect(AbstractPlainSocketImpl.java:188)
	at java.net.PlainSocketImpl.connect(PlainSocketImpl.java:172)
	at java.net.SocksSocketImpl.connect(SocksSocketImpl.java:392)
	at java.net.Socket.connect(Socket.java:589)
	at com.mysql.cj.protocol.StandardSocketFactory.connect(StandardSocketFactory.java:155)
	at com.mysql.cj.protocol.a.NativeSocketConnection.connect(NativeSocketConnection.java:65)
	... 9 common frames omitted
2021-01-26 23:22:02 -create connection error, url: jdbc:mysql://localhost:3307/ems-api?useUnicode=true&characterEncoding=utf8&serverTimezone=Asia/Shanghai&allowMultiQueries=true, errorCode 0, state 08S01
com.mysql.cj.jdbc.exceptions.CommunicationsException: Communications link failure

The last packet sent successfully to the server was 0 milliseconds ago. The driver has not received any packets from the server.
	at com.mysql.cj.jdbc.exceptions.SQLError.createCommunicationsException(SQLError.java:174)
	at com.mysql.cj.jdbc.exceptions.SQLExceptionsMapping.translateException(SQLExceptionsMapping.java:64)
	at com.mysql.cj.jdbc.ConnectionImpl.createNewIO(ConnectionImpl.java:836)
	at com.mysql.cj.jdbc.ConnectionImpl.<init>(ConnectionImpl.java:456)
	at com.mysql.cj.jdbc.ConnectionImpl.getInstance(ConnectionImpl.java:246)
	at com.mysql.cj.jdbc.NonRegisteringDriver.connect(NonRegisteringDriver.java:197)
	at com.alibaba.druid.pool.DruidAbstractDataSource.createPhysicalConnection(DruidAbstractDataSource.java:1452)
	at com.alibaba.druid.pool.DruidAbstractDataSource.createPhysicalConnection(DruidAbstractDataSource.java:1516)
	at com.alibaba.druid.pool.DruidDataSource$CreateConnectionThread.run(DruidDataSource.java:2080)
Caused by: com.mysql.cj.exceptions.CJCommunicationsException: Communications link failure

The last packet sent successfully to the server was 0 milliseconds ago. The driver has not received any packets from the server.
	at sun.reflect.NativeConstructorAccessorImpl.newInstance0(Native Method)
	at sun.reflect.NativeConstructorAccessorImpl.newInstance(NativeConstructorAccessorImpl.java:62)
	at sun.reflect.DelegatingConstructorAccessorImpl.newInstance(DelegatingConstructorAccessorImpl.java:45)
	at java.lang.reflect.Constructor.newInstance(Constructor.java:423)
	at com.mysql.cj.exceptions.ExceptionFactory.createException(ExceptionFactory.java:61)
	at com.mysql.cj.exceptions.ExceptionFactory.createException(ExceptionFactory.java:105)
	at com.mysql.cj.exceptions.ExceptionFactory.createException(ExceptionFactory.java:151)
	at com.mysql.cj.exceptions.ExceptionFactory.createCommunicationsException(ExceptionFactory.java:167)
	at com.mysql.cj.protocol.a.NativeSocketConnection.connect(NativeSocketConnection.java:91)
	at com.mysql.cj.NativeSession.connect(NativeSession.java:144)
	at com.mysql.cj.jdbc.ConnectionImpl.connectOneTryOnly(ConnectionImpl.java:956)
	at com.mysql.cj.jdbc.ConnectionImpl.createNewIO(ConnectionImpl.java:826)
	... 6 common frames omitted
Caused by: java.net.ConnectException: Connection refused: connect
	at java.net.DualStackPlainSocketImpl.connect0(Native Method)
	at java.net.DualStackPlainSocketImpl.socketConnect(DualStackPlainSocketImpl.java:79)
	at java.net.AbstractPlainSocketImpl.doConnect(AbstractPlainSocketImpl.java:350)
	at java.net.AbstractPlainSocketImpl.connectToAddress(AbstractPlainSocketImpl.java:206)
	at java.net.AbstractPlainSocketImpl.connect(AbstractPlainSocketImpl.java:188)
	at java.net.PlainSocketImpl.connect(PlainSocketImpl.java:172)
	at java.net.SocksSocketImpl.connect(SocksSocketImpl.java:392)
	at java.net.Socket.connect(Socket.java:589)
	at com.mysql.cj.protocol.StandardSocketFactory.connect(StandardSocketFactory.java:155)
	at com.mysql.cj.protocol.a.NativeSocketConnection.connect(NativeSocketConnection.java:65)
	... 9 common frames omitted
2021-01-26 23:22:06 -create connection error, url: jdbc:mysql://localhost:3307/ems-api?useUnicode=true&characterEncoding=utf8&serverTimezone=Asia/Shanghai&allowMultiQueries=true, errorCode 0, state 08S01
com.mysql.cj.jdbc.exceptions.CommunicationsException: Communications link failure

The last packet sent successfully to the server was 0 milliseconds ago. The driver has not received any packets from the server.
	at com.mysql.cj.jdbc.exceptions.SQLError.createCommunicationsException(SQLError.java:174)
	at com.mysql.cj.jdbc.exceptions.SQLExceptionsMapping.translateException(SQLExceptionsMapping.java:64)
	at com.mysql.cj.jdbc.ConnectionImpl.createNewIO(ConnectionImpl.java:836)
	at com.mysql.cj.jdbc.ConnectionImpl.<init>(ConnectionImpl.java:456)
	at com.mysql.cj.jdbc.ConnectionImpl.getInstance(ConnectionImpl.java:246)
	at com.mysql.cj.jdbc.NonRegisteringDriver.connect(NonRegisteringDriver.java:197)
	at com.alibaba.druid.pool.DruidAbstractDataSource.createPhysicalConnection(DruidAbstractDataSource.java:1452)
	at com.alibaba.druid.pool.DruidAbstractDataSource.createPhysicalConnection(DruidAbstractDataSource.java:1516)
	at com.alibaba.druid.pool.DruidDataSource$CreateConnectionThread.run(DruidDataSource.java:2080)
Caused by: com.mysql.cj.exceptions.CJCommunicationsException: Communications link failure

The last packet sent successfully to the server was 0 milliseconds ago. The driver has not received any packets from the server.
	at sun.reflect.NativeConstructorAccessorImpl.newInstance0(Native Method)
	at sun.reflect.NativeConstructorAccessorImpl.newInstance(NativeConstructorAccessorImpl.java:62)
	at sun.reflect.DelegatingConstructorAccessorImpl.newInstance(DelegatingConstructorAccessorImpl.java:45)
	at java.lang.reflect.Constructor.newInstance(Constructor.java:423)
	at com.mysql.cj.exceptions.ExceptionFactory.createException(ExceptionFactory.java:61)
	at com.mysql.cj.exceptions.ExceptionFactory.createException(ExceptionFactory.java:105)
	at com.mysql.cj.exceptions.ExceptionFactory.createException(ExceptionFactory.java:151)
	at com.mysql.cj.exceptions.ExceptionFactory.createCommunicationsException(ExceptionFactory.java:167)
	at com.mysql.cj.protocol.a.NativeSocketConnection.connect(NativeSocketConnection.java:91)
	at com.mysql.cj.NativeSession.connect(NativeSession.java:144)
	at com.mysql.cj.jdbc.ConnectionImpl.connectOneTryOnly(ConnectionImpl.java:956)
	at com.mysql.cj.jdbc.ConnectionImpl.createNewIO(ConnectionImpl.java:826)
	... 6 common frames omitted
Caused by: java.net.ConnectException: Connection refused: connect
	at java.net.DualStackPlainSocketImpl.connect0(Native Method)
	at java.net.DualStackPlainSocketImpl.socketConnect(DualStackPlainSocketImpl.java:79)
	at java.net.AbstractPlainSocketImpl.doConnect(AbstractPlainSocketImpl.java:350)
	at java.net.AbstractPlainSocketImpl.connectToAddress(AbstractPlainSocketImpl.java:206)
	at java.net.AbstractPlainSocketImpl.connect(AbstractPlainSocketImpl.java:188)
	at java.net.PlainSocketImpl.connect(PlainSocketImpl.java:172)
	at java.net.SocksSocketImpl.connect(SocksSocketImpl.java:392)
	at java.net.Socket.connect(Socket.java:589)
	at com.mysql.cj.protocol.StandardSocketFactory.connect(StandardSocketFactory.java:155)
	at com.mysql.cj.protocol.a.NativeSocketConnection.connect(NativeSocketConnection.java:65)
	... 9 common frames omitted
2021-01-26 23:22:10 -create connection error, url: jdbc:mysql://localhost:3307/ems-api?useUnicode=true&characterEncoding=utf8&serverTimezone=Asia/Shanghai&allowMultiQueries=true, errorCode 0, state 08S01
com.mysql.cj.jdbc.exceptions.CommunicationsException: Communications link failure

The last packet sent successfully to the server was 0 milliseconds ago. The driver has not received any packets from the server.
	at com.mysql.cj.jdbc.exceptions.SQLError.createCommunicationsException(SQLError.java:174)
	at com.mysql.cj.jdbc.exceptions.SQLExceptionsMapping.translateException(SQLExceptionsMapping.java:64)
	at com.mysql.cj.jdbc.ConnectionImpl.createNewIO(ConnectionImpl.java:836)
	at com.mysql.cj.jdbc.ConnectionImpl.<init>(ConnectionImpl.java:456)
	at com.mysql.cj.jdbc.ConnectionImpl.getInstance(ConnectionImpl.java:246)
	at com.mysql.cj.jdbc.NonRegisteringDriver.connect(NonRegisteringDriver.java:197)
	at com.alibaba.druid.pool.DruidAbstractDataSource.createPhysicalConnection(DruidAbstractDataSource.java:1452)
	at com.alibaba.druid.pool.DruidAbstractDataSource.createPhysicalConnection(DruidAbstractDataSource.java:1516)
	at com.alibaba.druid.pool.DruidDataSource$CreateConnectionThread.run(DruidDataSource.java:2080)
Caused by: com.mysql.cj.exceptions.CJCommunicationsException: Communications link failure

The last packet sent successfully to the server was 0 milliseconds ago. The driver has not received any packets from the server.
	at sun.reflect.NativeConstructorAccessorImpl.newInstance0(Native Method)
	at sun.reflect.NativeConstructorAccessorImpl.newInstance(NativeConstructorAccessorImpl.java:62)
	at sun.reflect.DelegatingConstructorAccessorImpl.newInstance(DelegatingConstructorAccessorImpl.java:45)
	at java.lang.reflect.Constructor.newInstance(Constructor.java:423)
	at com.mysql.cj.exceptions.ExceptionFactory.createException(ExceptionFactory.java:61)
	at com.mysql.cj.exceptions.ExceptionFactory.createException(ExceptionFactory.java:105)
	at com.mysql.cj.exceptions.ExceptionFactory.createException(ExceptionFactory.java:151)
	at com.mysql.cj.exceptions.ExceptionFactory.createCommunicationsException(ExceptionFactory.java:167)
	at com.mysql.cj.protocol.a.NativeSocketConnection.connect(NativeSocketConnection.java:91)
	at com.mysql.cj.NativeSession.connect(NativeSession.java:144)
	at com.mysql.cj.jdbc.ConnectionImpl.connectOneTryOnly(ConnectionImpl.java:956)
	at com.mysql.cj.jdbc.ConnectionImpl.createNewIO(ConnectionImpl.java:826)
	... 6 common frames omitted
Caused by: java.net.ConnectException: Connection refused: connect
	at java.net.DualStackPlainSocketImpl.connect0(Native Method)
	at java.net.DualStackPlainSocketImpl.socketConnect(DualStackPlainSocketImpl.java:79)
	at java.net.AbstractPlainSocketImpl.doConnect(AbstractPlainSocketImpl.java:350)
	at java.net.AbstractPlainSocketImpl.connectToAddress(AbstractPlainSocketImpl.java:206)
	at java.net.AbstractPlainSocketImpl.connect(AbstractPlainSocketImpl.java:188)
	at java.net.PlainSocketImpl.connect(PlainSocketImpl.java:172)
	at java.net.SocksSocketImpl.connect(SocksSocketImpl.java:392)
	at java.net.Socket.connect(Socket.java:589)
	at com.mysql.cj.protocol.StandardSocketFactory.connect(StandardSocketFactory.java:155)
	at com.mysql.cj.protocol.a.NativeSocketConnection.connect(NativeSocketConnection.java:65)
	... 9 common frames omitted
2021-01-26 23:22:14 -create connection error, url: jdbc:mysql://localhost:3307/ems-api?useUnicode=true&characterEncoding=utf8&serverTimezone=Asia/Shanghai&allowMultiQueries=true, errorCode 0, state 08S01
com.mysql.cj.jdbc.exceptions.CommunicationsException: Communications link failure

The last packet sent successfully to the server was 0 milliseconds ago. The driver has not received any packets from the server.
	at com.mysql.cj.jdbc.exceptions.SQLError.createCommunicationsException(SQLError.java:174)
	at com.mysql.cj.jdbc.exceptions.SQLExceptionsMapping.translateException(SQLExceptionsMapping.java:64)
	at com.mysql.cj.jdbc.ConnectionImpl.createNewIO(ConnectionImpl.java:836)
	at com.mysql.cj.jdbc.ConnectionImpl.<init>(ConnectionImpl.java:456)
	at com.mysql.cj.jdbc.ConnectionImpl.getInstance(ConnectionImpl.java:246)
	at com.mysql.cj.jdbc.NonRegisteringDriver.connect(NonRegisteringDriver.java:197)
	at com.alibaba.druid.pool.DruidAbstractDataSource.createPhysicalConnection(DruidAbstractDataSource.java:1452)
	at com.alibaba.druid.pool.DruidAbstractDataSource.createPhysicalConnection(DruidAbstractDataSource.java:1516)
	at com.alibaba.druid.pool.DruidDataSource$CreateConnectionThread.run(DruidDataSource.java:2080)
Caused by: com.mysql.cj.exceptions.CJCommunicationsException: Communications link failure

The last packet sent successfully to the server was 0 milliseconds ago. The driver has not received any packets from the server.
	at sun.reflect.NativeConstructorAccessorImpl.newInstance0(Native Method)
	at sun.reflect.NativeConstructorAccessorImpl.newInstance(NativeConstructorAccessorImpl.java:62)
	at sun.reflect.DelegatingConstructorAccessorImpl.newInstance(DelegatingConstructorAccessorImpl.java:45)
	at java.lang.reflect.Constructor.newInstance(Constructor.java:423)
	at com.mysql.cj.exceptions.ExceptionFactory.createException(ExceptionFactory.java:61)
	at com.mysql.cj.exceptions.ExceptionFactory.createException(ExceptionFactory.java:105)
	at com.mysql.cj.exceptions.ExceptionFactory.createException(ExceptionFactory.java:151)
	at com.mysql.cj.exceptions.ExceptionFactory.createCommunicationsException(ExceptionFactory.java:167)
	at com.mysql.cj.protocol.a.NativeSocketConnection.connect(NativeSocketConnection.java:91)
	at com.mysql.cj.NativeSession.connect(NativeSession.java:144)
	at com.mysql.cj.jdbc.ConnectionImpl.connectOneTryOnly(ConnectionImpl.java:956)
	at com.mysql.cj.jdbc.ConnectionImpl.createNewIO(ConnectionImpl.java:826)
	... 6 common frames omitted
Caused by: java.net.ConnectException: Connection refused: connect
	at java.net.DualStackPlainSocketImpl.connect0(Native Method)
	at java.net.DualStackPlainSocketImpl.socketConnect(DualStackPlainSocketImpl.java:79)
	at java.net.AbstractPlainSocketImpl.doConnect(AbstractPlainSocketImpl.java:350)
	at java.net.AbstractPlainSocketImpl.connectToAddress(AbstractPlainSocketImpl.java:206)
	at java.net.AbstractPlainSocketImpl.connect(AbstractPlainSocketImpl.java:188)
	at java.net.PlainSocketImpl.connect(PlainSocketImpl.java:172)
	at java.net.SocksSocketImpl.connect(SocksSocketImpl.java:392)
	at java.net.Socket.connect(Socket.java:589)
	at com.mysql.cj.protocol.StandardSocketFactory.connect(StandardSocketFactory.java:155)
	at com.mysql.cj.protocol.a.NativeSocketConnection.connect(NativeSocketConnection.java:65)
	... 9 common frames omitted
2021-01-26 23:22:18 -create connection error, url: jdbc:mysql://localhost:3307/ems-api?useUnicode=true&characterEncoding=utf8&serverTimezone=Asia/Shanghai&allowMultiQueries=true, errorCode 0, state 08S01
com.mysql.cj.jdbc.exceptions.CommunicationsException: Communications link failure

The last packet sent successfully to the server was 0 milliseconds ago. The driver has not received any packets from the server.
	at com.mysql.cj.jdbc.exceptions.SQLError.createCommunicationsException(SQLError.java:174)
	at com.mysql.cj.jdbc.exceptions.SQLExceptionsMapping.translateException(SQLExceptionsMapping.java:64)
	at com.mysql.cj.jdbc.ConnectionImpl.createNewIO(ConnectionImpl.java:836)
	at com.mysql.cj.jdbc.ConnectionImpl.<init>(ConnectionImpl.java:456)
	at com.mysql.cj.jdbc.ConnectionImpl.getInstance(ConnectionImpl.java:246)
	at com.mysql.cj.jdbc.NonRegisteringDriver.connect(NonRegisteringDriver.java:197)
	at com.alibaba.druid.pool.DruidAbstractDataSource.createPhysicalConnection(DruidAbstractDataSource.java:1452)
	at com.alibaba.druid.pool.DruidAbstractDataSource.createPhysicalConnection(DruidAbstractDataSource.java:1516)
	at com.alibaba.druid.pool.DruidDataSource$CreateConnectionThread.run(DruidDataSource.java:2080)
Caused by: com.mysql.cj.exceptions.CJCommunicationsException: Communications link failure

The last packet sent successfully to the server was 0 milliseconds ago. The driver has not received any packets from the server.
	at sun.reflect.NativeConstructorAccessorImpl.newInstance0(Native Method)
	at sun.reflect.NativeConstructorAccessorImpl.newInstance(NativeConstructorAccessorImpl.java:62)
	at sun.reflect.DelegatingConstructorAccessorImpl.newInstance(DelegatingConstructorAccessorImpl.java:45)
	at java.lang.reflect.Constructor.newInstance(Constructor.java:423)
	at com.mysql.cj.exceptions.ExceptionFactory.createException(ExceptionFactory.java:61)
	at com.mysql.cj.exceptions.ExceptionFactory.createException(ExceptionFactory.java:105)
	at com.mysql.cj.exceptions.ExceptionFactory.createException(ExceptionFactory.java:151)
	at com.mysql.cj.exceptions.ExceptionFactory.createCommunicationsException(ExceptionFactory.java:167)
	at com.mysql.cj.protocol.a.NativeSocketConnection.connect(NativeSocketConnection.java:91)
	at com.mysql.cj.NativeSession.connect(NativeSession.java:144)
	at com.mysql.cj.jdbc.ConnectionImpl.connectOneTryOnly(ConnectionImpl.java:956)
	at com.mysql.cj.jdbc.ConnectionImpl.createNewIO(ConnectionImpl.java:826)
	... 6 common frames omitted
Caused by: java.net.ConnectException: Connection refused: connect
	at java.net.DualStackPlainSocketImpl.connect0(Native Method)
	at java.net.DualStackPlainSocketImpl.socketConnect(DualStackPlainSocketImpl.java:79)
	at java.net.AbstractPlainSocketImpl.doConnect(AbstractPlainSocketImpl.java:350)
	at java.net.AbstractPlainSocketImpl.connectToAddress(AbstractPlainSocketImpl.java:206)
	at java.net.AbstractPlainSocketImpl.connect(AbstractPlainSocketImpl.java:188)
	at java.net.PlainSocketImpl.connect(PlainSocketImpl.java:172)
	at java.net.SocksSocketImpl.connect(SocksSocketImpl.java:392)
	at java.net.Socket.connect(Socket.java:589)
	at com.mysql.cj.protocol.StandardSocketFactory.connect(StandardSocketFactory.java:155)
	at com.mysql.cj.protocol.a.NativeSocketConnection.connect(NativeSocketConnection.java:65)
	... 9 common frames omitted
2021-01-26 23:22:22 -create connection error, url: jdbc:mysql://localhost:3307/ems-api?useUnicode=true&characterEncoding=utf8&serverTimezone=Asia/Shanghai&allowMultiQueries=true, errorCode 0, state 08S01
com.mysql.cj.jdbc.exceptions.CommunicationsException: Communications link failure

The last packet sent successfully to the server was 0 milliseconds ago. The driver has not received any packets from the server.
	at com.mysql.cj.jdbc.exceptions.SQLError.createCommunicationsException(SQLError.java:174)
	at com.mysql.cj.jdbc.exceptions.SQLExceptionsMapping.translateException(SQLExceptionsMapping.java:64)
	at com.mysql.cj.jdbc.ConnectionImpl.createNewIO(ConnectionImpl.java:836)
	at com.mysql.cj.jdbc.ConnectionImpl.<init>(ConnectionImpl.java:456)
	at com.mysql.cj.jdbc.ConnectionImpl.getInstance(ConnectionImpl.java:246)
	at com.mysql.cj.jdbc.NonRegisteringDriver.connect(NonRegisteringDriver.java:197)
	at com.alibaba.druid.pool.DruidAbstractDataSource.createPhysicalConnection(DruidAbstractDataSource.java:1452)
	at com.alibaba.druid.pool.DruidAbstractDataSource.createPhysicalConnection(DruidAbstractDataSource.java:1516)
	at com.alibaba.druid.pool.DruidDataSource$CreateConnectionThread.run(DruidDataSource.java:2080)
Caused by: com.mysql.cj.exceptions.CJCommunicationsException: Communications link failure

The last packet sent successfully to the server was 0 milliseconds ago. The driver has not received any packets from the server.
	at sun.reflect.NativeConstructorAccessorImpl.newInstance0(Native Method)
	at sun.reflect.NativeConstructorAccessorImpl.newInstance(NativeConstructorAccessorImpl.java:62)
	at sun.reflect.DelegatingConstructorAccessorImpl.newInstance(DelegatingConstructorAccessorImpl.java:45)
	at java.lang.reflect.Constructor.newInstance(Constructor.java:423)
	at com.mysql.cj.exceptions.ExceptionFactory.createException(ExceptionFactory.java:61)
	at com.mysql.cj.exceptions.ExceptionFactory.createException(ExceptionFactory.java:105)
	at com.mysql.cj.exceptions.ExceptionFactory.createException(ExceptionFactory.java:151)
	at com.mysql.cj.exceptions.ExceptionFactory.createCommunicationsException(ExceptionFactory.java:167)
	at com.mysql.cj.protocol.a.NativeSocketConnection.connect(NativeSocketConnection.java:91)
	at com.mysql.cj.NativeSession.connect(NativeSession.java:144)
	at com.mysql.cj.jdbc.ConnectionImpl.connectOneTryOnly(ConnectionImpl.java:956)
	at com.mysql.cj.jdbc.ConnectionImpl.createNewIO(ConnectionImpl.java:826)
	... 6 common frames omitted
Caused by: java.net.ConnectException: Connection refused: connect
	at java.net.DualStackPlainSocketImpl.connect0(Native Method)
	at java.net.DualStackPlainSocketImpl.socketConnect(DualStackPlainSocketImpl.java:79)
	at java.net.AbstractPlainSocketImpl.doConnect(AbstractPlainSocketImpl.java:350)
	at java.net.AbstractPlainSocketImpl.connectToAddress(AbstractPlainSocketImpl.java:206)
	at java.net.AbstractPlainSocketImpl.connect(AbstractPlainSocketImpl.java:188)
	at java.net.PlainSocketImpl.connect(PlainSocketImpl.java:172)
	at java.net.SocksSocketImpl.connect(SocksSocketImpl.java:392)
	at java.net.Socket.connect(Socket.java:589)
	at com.mysql.cj.protocol.StandardSocketFactory.connect(StandardSocketFactory.java:155)
	at com.mysql.cj.protocol.a.NativeSocketConnection.connect(NativeSocketConnection.java:65)
	... 9 common frames omitted
2021-01-26 23:22:26 -create connection error, url: jdbc:mysql://localhost:3307/ems-api?useUnicode=true&characterEncoding=utf8&serverTimezone=Asia/Shanghai&allowMultiQueries=true, errorCode 0, state 08S01
com.mysql.cj.jdbc.exceptions.CommunicationsException: Communications link failure

The last packet sent successfully to the server was 0 milliseconds ago. The driver has not received any packets from the server.
	at com.mysql.cj.jdbc.exceptions.SQLError.createCommunicationsException(SQLError.java:174)
	at com.mysql.cj.jdbc.exceptions.SQLExceptionsMapping.translateException(SQLExceptionsMapping.java:64)
	at com.mysql.cj.jdbc.ConnectionImpl.createNewIO(ConnectionImpl.java:836)
	at com.mysql.cj.jdbc.ConnectionImpl.<init>(ConnectionImpl.java:456)
	at com.mysql.cj.jdbc.ConnectionImpl.getInstance(ConnectionImpl.java:246)
	at com.mysql.cj.jdbc.NonRegisteringDriver.connect(NonRegisteringDriver.java:197)
	at com.alibaba.druid.pool.DruidAbstractDataSource.createPhysicalConnection(DruidAbstractDataSource.java:1452)
	at com.alibaba.druid.pool.DruidAbstractDataSource.createPhysicalConnection(DruidAbstractDataSource.java:1516)
	at com.alibaba.druid.pool.DruidDataSource$CreateConnectionThread.run(DruidDataSource.java:2080)
Caused by: com.mysql.cj.exceptions.CJCommunicationsException: Communications link failure

The last packet sent successfully to the server was 0 milliseconds ago. The driver has not received any packets from the server.
	at sun.reflect.NativeConstructorAccessorImpl.newInstance0(Native Method)
	at sun.reflect.NativeConstructorAccessorImpl.newInstance(NativeConstructorAccessorImpl.java:62)
	at sun.reflect.DelegatingConstructorAccessorImpl.newInstance(DelegatingConstructorAccessorImpl.java:45)
	at java.lang.reflect.Constructor.newInstance(Constructor.java:423)
	at com.mysql.cj.exceptions.ExceptionFactory.createException(ExceptionFactory.java:61)
	at com.mysql.cj.exceptions.ExceptionFactory.createException(ExceptionFactory.java:105)
	at com.mysql.cj.exceptions.ExceptionFactory.createException(ExceptionFactory.java:151)
	at com.mysql.cj.exceptions.ExceptionFactory.createCommunicationsException(ExceptionFactory.java:167)
	at com.mysql.cj.protocol.a.NativeSocketConnection.connect(NativeSocketConnection.java:91)
	at com.mysql.cj.NativeSession.connect(NativeSession.java:144)
	at com.mysql.cj.jdbc.ConnectionImpl.connectOneTryOnly(ConnectionImpl.java:956)
	at com.mysql.cj.jdbc.ConnectionImpl.createNewIO(ConnectionImpl.java:826)
	... 6 common frames omitted
Caused by: java.net.ConnectException: Connection refused: connect
	at java.net.DualStackPlainSocketImpl.connect0(Native Method)
	at java.net.DualStackPlainSocketImpl.socketConnect(DualStackPlainSocketImpl.java:79)
	at java.net.AbstractPlainSocketImpl.doConnect(AbstractPlainSocketImpl.java:350)
	at java.net.AbstractPlainSocketImpl.connectToAddress(AbstractPlainSocketImpl.java:206)
	at java.net.AbstractPlainSocketImpl.connect(AbstractPlainSocketImpl.java:188)
	at java.net.PlainSocketImpl.connect(PlainSocketImpl.java:172)
	at java.net.SocksSocketImpl.connect(SocksSocketImpl.java:392)
	at java.net.Socket.connect(Socket.java:589)
	at com.mysql.cj.protocol.StandardSocketFactory.connect(StandardSocketFactory.java:155)
	at com.mysql.cj.protocol.a.NativeSocketConnection.connect(NativeSocketConnection.java:65)
	... 9 common frames omitted
2021-01-26 23:22:30 -create connection error, url: jdbc:mysql://localhost:3307/ems-api?useUnicode=true&characterEncoding=utf8&serverTimezone=Asia/Shanghai&allowMultiQueries=true, errorCode 0, state 08S01
com.mysql.cj.jdbc.exceptions.CommunicationsException: Communications link failure

The last packet sent successfully to the server was 0 milliseconds ago. The driver has not received any packets from the server.
	at com.mysql.cj.jdbc.exceptions.SQLError.createCommunicationsException(SQLError.java:174)
	at com.mysql.cj.jdbc.exceptions.SQLExceptionsMapping.translateException(SQLExceptionsMapping.java:64)
	at com.mysql.cj.jdbc.ConnectionImpl.createNewIO(ConnectionImpl.java:836)
	at com.mysql.cj.jdbc.ConnectionImpl.<init>(ConnectionImpl.java:456)
	at com.mysql.cj.jdbc.ConnectionImpl.getInstance(ConnectionImpl.java:246)
	at com.mysql.cj.jdbc.NonRegisteringDriver.connect(NonRegisteringDriver.java:197)
	at com.alibaba.druid.pool.DruidAbstractDataSource.createPhysicalConnection(DruidAbstractDataSource.java:1452)
	at com.alibaba.druid.pool.DruidAbstractDataSource.createPhysicalConnection(DruidAbstractDataSource.java:1516)
	at com.alibaba.druid.pool.DruidDataSource$CreateConnectionThread.run(DruidDataSource.java:2080)
Caused by: com.mysql.cj.exceptions.CJCommunicationsException: Communications link failure

The last packet sent successfully to the server was 0 milliseconds ago. The driver has not received any packets from the server.
	at sun.reflect.NativeConstructorAccessorImpl.newInstance0(Native Method)
	at sun.reflect.NativeConstructorAccessorImpl.newInstance(NativeConstructorAccessorImpl.java:62)
	at sun.reflect.DelegatingConstructorAccessorImpl.newInstance(DelegatingConstructorAccessorImpl.java:45)
	at java.lang.reflect.Constructor.newInstance(Constructor.java:423)
	at com.mysql.cj.exceptions.ExceptionFactory.createException(ExceptionFactory.java:61)
	at com.mysql.cj.exceptions.ExceptionFactory.createException(ExceptionFactory.java:105)
	at com.mysql.cj.exceptions.ExceptionFactory.createException(ExceptionFactory.java:151)
	at com.mysql.cj.exceptions.ExceptionFactory.createCommunicationsException(ExceptionFactory.java:167)
	at com.mysql.cj.protocol.a.NativeSocketConnection.connect(NativeSocketConnection.java:91)
	at com.mysql.cj.NativeSession.connect(NativeSession.java:144)
	at com.mysql.cj.jdbc.ConnectionImpl.connectOneTryOnly(ConnectionImpl.java:956)
	at com.mysql.cj.jdbc.ConnectionImpl.createNewIO(ConnectionImpl.java:826)
	... 6 common frames omitted
Caused by: java.net.ConnectException: Connection refused: connect
	at java.net.DualStackPlainSocketImpl.connect0(Native Method)
	at java.net.DualStackPlainSocketImpl.socketConnect(DualStackPlainSocketImpl.java:79)
	at java.net.AbstractPlainSocketImpl.doConnect(AbstractPlainSocketImpl.java:350)
	at java.net.AbstractPlainSocketImpl.connectToAddress(AbstractPlainSocketImpl.java:206)
	at java.net.AbstractPlainSocketImpl.connect(AbstractPlainSocketImpl.java:188)
	at java.net.PlainSocketImpl.connect(PlainSocketImpl.java:172)
	at java.net.SocksSocketImpl.connect(SocksSocketImpl.java:392)
	at java.net.Socket.connect(Socket.java:589)
	at com.mysql.cj.protocol.StandardSocketFactory.connect(StandardSocketFactory.java:155)
	at com.mysql.cj.protocol.a.NativeSocketConnection.connect(NativeSocketConnection.java:65)
	... 9 common frames omitted
2021-01-26 23:22:34 -create connection error, url: jdbc:mysql://localhost:3307/ems-api?useUnicode=true&characterEncoding=utf8&serverTimezone=Asia/Shanghai&allowMultiQueries=true, errorCode 0, state 08S01
com.mysql.cj.jdbc.exceptions.CommunicationsException: Communications link failure

The last packet sent successfully to the server was 0 milliseconds ago. The driver has not received any packets from the server.
	at com.mysql.cj.jdbc.exceptions.SQLError.createCommunicationsException(SQLError.java:174)
	at com.mysql.cj.jdbc.exceptions.SQLExceptionsMapping.translateException(SQLExceptionsMapping.java:64)
	at com.mysql.cj.jdbc.ConnectionImpl.createNewIO(ConnectionImpl.java:836)
	at com.mysql.cj.jdbc.ConnectionImpl.<init>(ConnectionImpl.java:456)
	at com.mysql.cj.jdbc.ConnectionImpl.getInstance(ConnectionImpl.java:246)
	at com.mysql.cj.jdbc.NonRegisteringDriver.connect(NonRegisteringDriver.java:197)
	at com.alibaba.druid.pool.DruidAbstractDataSource.createPhysicalConnection(DruidAbstractDataSource.java:1452)
	at com.alibaba.druid.pool.DruidAbstractDataSource.createPhysicalConnection(DruidAbstractDataSource.java:1516)
	at com.alibaba.druid.pool.DruidDataSource$CreateConnectionThread.run(DruidDataSource.java:2080)
Caused by: com.mysql.cj.exceptions.CJCommunicationsException: Communications link failure

The last packet sent successfully to the server was 0 milliseconds ago. The driver has not received any packets from the server.
	at sun.reflect.NativeConstructorAccessorImpl.newInstance0(Native Method)
	at sun.reflect.NativeConstructorAccessorImpl.newInstance(NativeConstructorAccessorImpl.java:62)
	at sun.reflect.DelegatingConstructorAccessorImpl.newInstance(DelegatingConstructorAccessorImpl.java:45)
	at java.lang.reflect.Constructor.newInstance(Constructor.java:423)
	at com.mysql.cj.exceptions.ExceptionFactory.createException(ExceptionFactory.java:61)
	at com.mysql.cj.exceptions.ExceptionFactory.createException(ExceptionFactory.java:105)
	at com.mysql.cj.exceptions.ExceptionFactory.createException(ExceptionFactory.java:151)
	at com.mysql.cj.exceptions.ExceptionFactory.createCommunicationsException(ExceptionFactory.java:167)
	at com.mysql.cj.protocol.a.NativeSocketConnection.connect(NativeSocketConnection.java:91)
	at com.mysql.cj.NativeSession.connect(NativeSession.java:144)
	at com.mysql.cj.jdbc.ConnectionImpl.connectOneTryOnly(ConnectionImpl.java:956)
	at com.mysql.cj.jdbc.ConnectionImpl.createNewIO(ConnectionImpl.java:826)
	... 6 common frames omitted
Caused by: java.net.ConnectException: Connection refused: connect
	at java.net.DualStackPlainSocketImpl.connect0(Native Method)
	at java.net.DualStackPlainSocketImpl.socketConnect(DualStackPlainSocketImpl.java:79)
	at java.net.AbstractPlainSocketImpl.doConnect(AbstractPlainSocketImpl.java:350)
	at java.net.AbstractPlainSocketImpl.connectToAddress(AbstractPlainSocketImpl.java:206)
	at java.net.AbstractPlainSocketImpl.connect(AbstractPlainSocketImpl.java:188)
	at java.net.PlainSocketImpl.connect(PlainSocketImpl.java:172)
	at java.net.SocksSocketImpl.connect(SocksSocketImpl.java:392)
	at java.net.Socket.connect(Socket.java:589)
	at com.mysql.cj.protocol.StandardSocketFactory.connect(StandardSocketFactory.java:155)
	at com.mysql.cj.protocol.a.NativeSocketConnection.connect(NativeSocketConnection.java:65)
	... 9 common frames omitted
2021-01-26 23:22:34 -Starting TradeApplicationTests on Terry with PID 9184 (started by Administrator in D:\IDEA\Trade)
2021-01-26 23:22:34 -Running with Spring Boot v2.2.6.RELEASE, Spring v5.2.5.RELEASE
2021-01-26 23:22:34 -The following profiles are active: dev
2021-01-26 23:22:38 -Mapped URL path [/v2/api-docs] onto method [springfox.documentation.swagger2.web.Swagger2Controller#getDocumentation(String, HttpServletRequest)]
2021-01-26 23:22:38 -create connection error, url: jdbc:mysql://localhost:3307/ems-api?useUnicode=true&characterEncoding=utf8&serverTimezone=Asia/Shanghai&allowMultiQueries=true, errorCode 0, state 08S01
com.mysql.cj.jdbc.exceptions.CommunicationsException: Communications link failure

The last packet sent successfully to the server was 0 milliseconds ago. The driver has not received any packets from the server.
	at com.mysql.cj.jdbc.exceptions.SQLError.createCommunicationsException(SQLError.java:174)
	at com.mysql.cj.jdbc.exceptions.SQLExceptionsMapping.translateException(SQLExceptionsMapping.java:64)
	at com.mysql.cj.jdbc.ConnectionImpl.createNewIO(ConnectionImpl.java:836)
	at com.mysql.cj.jdbc.ConnectionImpl.<init>(ConnectionImpl.java:456)
	at com.mysql.cj.jdbc.ConnectionImpl.getInstance(ConnectionImpl.java:246)
	at com.mysql.cj.jdbc.NonRegisteringDriver.connect(NonRegisteringDriver.java:197)
	at com.alibaba.druid.pool.DruidAbstractDataSource.createPhysicalConnection(DruidAbstractDataSource.java:1452)
	at com.alibaba.druid.pool.DruidAbstractDataSource.createPhysicalConnection(DruidAbstractDataSource.java:1516)
	at com.alibaba.druid.pool.DruidDataSource$CreateConnectionThread.run(DruidDataSource.java:2080)
Caused by: com.mysql.cj.exceptions.CJCommunicationsException: Communications link failure

The last packet sent successfully to the server was 0 milliseconds ago. The driver has not received any packets from the server.
	at sun.reflect.NativeConstructorAccessorImpl.newInstance0(Native Method)
	at sun.reflect.NativeConstructorAccessorImpl.newInstance(NativeConstructorAccessorImpl.java:62)
	at sun.reflect.DelegatingConstructorAccessorImpl.newInstance(DelegatingConstructorAccessorImpl.java:45)
	at java.lang.reflect.Constructor.newInstance(Constructor.java:423)
	at com.mysql.cj.exceptions.ExceptionFactory.createException(ExceptionFactory.java:61)
	at com.mysql.cj.exceptions.ExceptionFactory.createException(ExceptionFactory.java:105)
	at com.mysql.cj.exceptions.ExceptionFactory.createException(ExceptionFactory.java:151)
	at com.mysql.cj.exceptions.ExceptionFactory.createCommunicationsException(ExceptionFactory.java:167)
	at com.mysql.cj.protocol.a.NativeSocketConnection.connect(NativeSocketConnection.java:91)
	at com.mysql.cj.NativeSession.connect(NativeSession.java:144)
	at com.mysql.cj.jdbc.ConnectionImpl.connectOneTryOnly(ConnectionImpl.java:956)
	at com.mysql.cj.jdbc.ConnectionImpl.createNewIO(ConnectionImpl.java:826)
	... 6 common frames omitted
Caused by: java.net.ConnectException: Connection refused: connect
	at java.net.DualStackPlainSocketImpl.connect0(Native Method)
	at java.net.DualStackPlainSocketImpl.socketConnect(DualStackPlainSocketImpl.java:79)
	at java.net.AbstractPlainSocketImpl.doConnect(AbstractPlainSocketImpl.java:350)
	at java.net.AbstractPlainSocketImpl.connectToAddress(AbstractPlainSocketImpl.java:206)
	at java.net.AbstractPlainSocketImpl.connect(AbstractPlainSocketImpl.java:188)
	at java.net.PlainSocketImpl.connect(PlainSocketImpl.java:172)
	at java.net.SocksSocketImpl.connect(SocksSocketImpl.java:392)
	at java.net.Socket.connect(Socket.java:589)
	at com.mysql.cj.protocol.StandardSocketFactory.connect(StandardSocketFactory.java:155)
	at com.mysql.cj.protocol.a.NativeSocketConnection.connect(NativeSocketConnection.java:65)
	... 9 common frames omitted
2021-01-26 23:22:39 -Initializing ExecutorService 'applicationTaskExecutor'
2021-01-26 23:22:40 -Using default implementation for ThreadExecutor
2021-01-26 23:22:40 -Initialized Scheduler Signaller of type: class org.quartz.core.SchedulerSignalerImpl
2021-01-26 23:22:40 -Quartz Scheduler v.2.2.1 created.
2021-01-26 23:22:40 -RAMJobStore initialized.
2021-01-26 23:22:40 -Scheduler meta-data: Quartz Scheduler (v2.2.1) 'quartzScheduler' with instanceId 'NON_CLUSTERED'
  Scheduler class: 'org.quartz.core.QuartzScheduler' - running locally.
  NOT STARTED.
  Currently in standby mode.
  Number of jobs executed: 0
  Using thread pool 'org.quartz.simpl.SimpleThreadPool' - with 10 threads.
  Using job-store 'org.quartz.simpl.RAMJobStore' - which does not support persistence. and is not clustered.

2021-01-26 23:22:40 -Quartz scheduler 'quartzScheduler' initialized from an externally provided properties instance.
2021-01-26 23:22:40 -Quartz scheduler version: 2.2.1
2021-01-26 23:22:40 -JobFactory set to: org.springframework.scheduling.quartz.SpringBeanJobFactory@6411504a
2021-01-26 23:22:40 -Context refreshed
2021-01-26 23:22:40 -Found 1 custom documentation plugin(s)
2021-01-26 23:22:40 -Scanning for api listing references
2021-01-26 23:22:40 -Starting Quartz Scheduler now
2021-01-26 23:22:40 -Scheduler quartzScheduler_$_NON_CLUSTERED started.
2021-01-26 23:22:40 -Started TradeApplicationTests in 7.771 seconds (JVM running for 11.103)
2021-01-26 23:22:41 -A
2021-01-26 23:22:41 -{dataSource-1} inited
2021-01-26 23:22:42 -securityCodeOld
2021-01-26 23:22:42 -==>  Preparing: insert into trade_input ( `TRANSCATION_ID`, `TRADE_ID`, `VERSION`, `SECURITY_CODE`, `QUANTITY`, `OPERATION_TYPE`, `SELL_TYPE`, `OPERATION_DATE`, `IS_VALID`, `REAL_QUANTITY` ) values ( ?, ?, ?, ?, ?, ?, ?, ?, ?, ? ) 
2021-01-26 23:22:43 -==> Parameters: 1(Integer), 1(Integer), 1(Integer), REL(String), 50(Integer), INSERT(String), Buy(String), 2021-01-26 23:22:42.794(Timestamp), Y(String), 50(Integer)
2021-01-26 23:22:43 -<==    Updates: 1
2021-01-26 23:22:43 -==>  Preparing: delete from trade_output where security_Code in ( ? ) 
2021-01-26 23:22:43 -==> Parameters: REL(String)
2021-01-26 23:22:43 -<==    Updates: 1
2021-01-26 23:22:43 -==>  Preparing: select sum(a.REAL_QUANTITY) 'QUANTITY',a.SECURITY_CODE from trade_input a where is_Valid='Y' and security_Code in ( ? ) group by a.SECURITY_CODE 
2021-01-26 23:22:43 -==> Parameters: REL(String)
2021-01-26 23:22:43 -<==      Total: 1
2021-01-26 23:22:43 -==>  Preparing: insert into trade_output (SECURITY_CODE, QUANTITY ) values ( ?, ? ) 
2021-01-26 23:22:43 -==> Parameters: REL(String), 110(Integer)
2021-01-26 23:22:43 -create connection error, url: jdbc:mysql://localhost:3307/ems-api?useUnicode=true&characterEncoding=utf8&serverTimezone=Asia/Shanghai&allowMultiQueries=true, errorCode 0, state 08S01
com.mysql.cj.jdbc.exceptions.CommunicationsException: Communications link failure

The last packet sent successfully to the server was 0 milliseconds ago. The driver has not received any packets from the server.
	at com.mysql.cj.jdbc.exceptions.SQLError.createCommunicationsException(SQLError.java:174)
	at com.mysql.cj.jdbc.exceptions.SQLExceptionsMapping.translateException(SQLExceptionsMapping.java:64)
	at com.mysql.cj.jdbc.ConnectionImpl.createNewIO(ConnectionImpl.java:836)
	at com.mysql.cj.jdbc.ConnectionImpl.<init>(ConnectionImpl.java:456)
	at com.mysql.cj.jdbc.ConnectionImpl.getInstance(ConnectionImpl.java:246)
	at com.mysql.cj.jdbc.NonRegisteringDriver.connect(NonRegisteringDriver.java:197)
	at com.alibaba.druid.pool.DruidAbstractDataSource.createPhysicalConnection(DruidAbstractDataSource.java:1452)
	at com.alibaba.druid.pool.DruidAbstractDataSource.createPhysicalConnection(DruidAbstractDataSource.java:1516)
	at com.alibaba.druid.pool.DruidDataSource$CreateConnectionThread.run(DruidDataSource.java:2080)
Caused by: com.mysql.cj.exceptions.CJCommunicationsException: Communications link failure

The last packet sent successfully to the server was 0 milliseconds ago. The driver has not received any packets from the server.
	at sun.reflect.NativeConstructorAccessorImpl.newInstance0(Native Method)
	at sun.reflect.NativeConstructorAccessorImpl.newInstance(NativeConstructorAccessorImpl.java:62)
	at sun.reflect.DelegatingConstructorAccessorImpl.newInstance(DelegatingConstructorAccessorImpl.java:45)
	at java.lang.reflect.Constructor.newInstance(Constructor.java:423)
	at com.mysql.cj.exceptions.ExceptionFactory.createException(ExceptionFactory.java:61)
	at com.mysql.cj.exceptions.ExceptionFactory.createException(ExceptionFactory.java:105)
	at com.mysql.cj.exceptions.ExceptionFactory.createException(ExceptionFactory.java:151)
	at com.mysql.cj.exceptions.ExceptionFactory.createCommunicationsException(ExceptionFactory.java:167)
	at com.mysql.cj.protocol.a.NativeSocketConnection.connect(NativeSocketConnection.java:91)
	at com.mysql.cj.NativeSession.connect(NativeSession.java:144)
	at com.mysql.cj.jdbc.ConnectionImpl.connectOneTryOnly(ConnectionImpl.java:956)
	at com.mysql.cj.jdbc.ConnectionImpl.createNewIO(ConnectionImpl.java:826)
	... 6 common frames omitted
Caused by: java.net.ConnectException: Connection refused: connect
	at java.net.DualStackPlainSocketImpl.connect0(Native Method)
	at java.net.DualStackPlainSocketImpl.socketConnect(DualStackPlainSocketImpl.java:79)
	at java.net.AbstractPlainSocketImpl.doConnect(AbstractPlainSocketImpl.java:350)
	at java.net.AbstractPlainSocketImpl.connectToAddress(AbstractPlainSocketImpl.java:206)
	at java.net.AbstractPlainSocketImpl.connect(AbstractPlainSocketImpl.java:188)
	at java.net.PlainSocketImpl.connect(PlainSocketImpl.java:172)
	at java.net.SocksSocketImpl.connect(SocksSocketImpl.java:392)
	at java.net.Socket.connect(Socket.java:589)
	at com.mysql.cj.protocol.StandardSocketFactory.connect(StandardSocketFactory.java:155)
	at com.mysql.cj.protocol.a.NativeSocketConnection.connect(NativeSocketConnection.java:65)
	... 9 common frames omitted
2021-01-26 23:22:43 -<==    Updates: 1
2021-01-26 23:22:43 -securityCodeOld
2021-01-26 23:22:43 -==>  Preparing: insert into trade_input ( `TRANSCATION_ID`, `TRADE_ID`, `VERSION`, `SECURITY_CODE`, `QUANTITY`, `OPERATION_TYPE`, `SELL_TYPE`, `OPERATION_DATE`, `IS_VALID`, `REAL_QUANTITY` ) values ( ?, ?, ?, ?, ?, ?, ?, ?, ?, ? ) 
2021-01-26 23:22:43 -==> Parameters: 2(Integer), 2(Integer), 1(Integer), ITC(String), 40(Integer), INSERT(String), Sell(String), 2021-01-26 23:22:43.473(Timestamp), Y(String), -40(Integer)
2021-01-26 23:22:43 -<==    Updates: 1
2021-01-26 23:22:43 -==>  Preparing: delete from trade_output where security_Code in ( ? ) 
2021-01-26 23:22:43 -==> Parameters: ITC(String)
2021-01-26 23:22:43 -<==    Updates: 1
2021-01-26 23:22:43 -==>  Preparing: select sum(a.REAL_QUANTITY) 'QUANTITY',a.SECURITY_CODE from trade_input a where is_Valid='Y' and security_Code in ( ? ) group by a.SECURITY_CODE 
2021-01-26 23:22:43 -==> Parameters: ITC(String)
2021-01-26 23:22:43 -<==      Total: 1
2021-01-26 23:22:43 -==>  Preparing: insert into trade_output (SECURITY_CODE, QUANTITY ) values ( ?, ? ) 
2021-01-26 23:22:43 -==> Parameters: ITC(String), -40(Integer)
2021-01-26 23:22:43 -<==    Updates: 1
2021-01-26 23:22:43 -securityCodeOld
2021-01-26 23:22:43 -==>  Preparing: insert into trade_input ( `TRANSCATION_ID`, `TRADE_ID`, `VERSION`, `SECURITY_CODE`, `QUANTITY`, `OPERATION_TYPE`, `SELL_TYPE`, `OPERATION_DATE`, `IS_VALID`, `REAL_QUANTITY` ) values ( ?, ?, ?, ?, ?, ?, ?, ?, ?, ? ) 
2021-01-26 23:22:43 -==> Parameters: 3(Integer), 3(Integer), 1(Integer), INF(String), 70(Integer), INSERT(String), Buy(String), 2021-01-26 23:22:43.581(Timestamp), Y(String), 70(Integer)
2021-01-26 23:22:44 -<==    Updates: 1
2021-01-26 23:22:44 -==>  Preparing: delete from trade_output where security_Code in ( ? ) 
2021-01-26 23:22:44 -==> Parameters: INF(String)
2021-01-26 23:22:44 -<==    Updates: 1
2021-01-26 23:22:44 -==>  Preparing: select sum(a.REAL_QUANTITY) 'QUANTITY',a.SECURITY_CODE from trade_input a where is_Valid='Y' and security_Code in ( ? ) group by a.SECURITY_CODE 
2021-01-26 23:22:44 -==> Parameters: INF(String)
2021-01-26 23:22:44 -<==      Total: 1
2021-01-26 23:22:44 -==>  Preparing: insert into trade_output (SECURITY_CODE, QUANTITY ) values ( ?, ? ) 
2021-01-26 23:22:44 -==> Parameters: INF(String), 120(Integer)
2021-01-26 23:22:44 -<==    Updates: 1
2021-01-26 23:22:45 -==>  Preparing: select a.TRANSACTION_OUTPUT_ID,a.SECURITY_CODE,a.QUANTITY from trade_output a WHERE 1 = 1 order by a.TRANSACTION_OUTPUT_ID desc 
2021-01-26 23:22:45 -==> Parameters: 
2021-01-26 23:22:45 -<==      Total: 3
2021-01-26 23:22:45 -Scheduler quartzScheduler_$_NON_CLUSTERED paused.
2021-01-26 23:22:45 -Shutting down Quartz Scheduler
2021-01-26 23:22:45 -Scheduler quartzScheduler_$_NON_CLUSTERED shutting down.
2021-01-26 23:22:45 -Scheduler quartzScheduler_$_NON_CLUSTERED paused.
2021-01-26 23:22:45 -Scheduler quartzScheduler_$_NON_CLUSTERED shutdown complete.
2021-01-26 23:22:45 -Shutting down ExecutorService 'applicationTaskExecutor'
2021-01-26 23:22:45 -{dataSource-1} closed
2021-01-26 23:22:47 -create connection error, url: jdbc:mysql://localhost:3307/ems-api?useUnicode=true&characterEncoding=utf8&serverTimezone=Asia/Shanghai&allowMultiQueries=true, errorCode 0, state 08S01
com.mysql.cj.jdbc.exceptions.CommunicationsException: Communications link failure

The last packet sent successfully to the server was 0 milliseconds ago. The driver has not received any packets from the server.
	at com.mysql.cj.jdbc.exceptions.SQLError.createCommunicationsException(SQLError.java:174)
	at com.mysql.cj.jdbc.exceptions.SQLExceptionsMapping.translateException(SQLExceptionsMapping.java:64)
	at com.mysql.cj.jdbc.ConnectionImpl.createNewIO(ConnectionImpl.java:836)
	at com.mysql.cj.jdbc.ConnectionImpl.<init>(ConnectionImpl.java:456)
	at com.mysql.cj.jdbc.ConnectionImpl.getInstance(ConnectionImpl.java:246)
	at com.mysql.cj.jdbc.NonRegisteringDriver.connect(NonRegisteringDriver.java:197)
	at com.alibaba.druid.pool.DruidAbstractDataSource.createPhysicalConnection(DruidAbstractDataSource.java:1452)
	at com.alibaba.druid.pool.DruidAbstractDataSource.createPhysicalConnection(DruidAbstractDataSource.java:1516)
	at com.alibaba.druid.pool.DruidDataSource$CreateConnectionThread.run(DruidDataSource.java:2080)
Caused by: com.mysql.cj.exceptions.CJCommunicationsException: Communications link failure

The last packet sent successfully to the server was 0 milliseconds ago. The driver has not received any packets from the server.
	at sun.reflect.NativeConstructorAccessorImpl.newInstance0(Native Method)
	at sun.reflect.NativeConstructorAccessorImpl.newInstance(NativeConstructorAccessorImpl.java:62)
	at sun.reflect.DelegatingConstructorAccessorImpl.newInstance(DelegatingConstructorAccessorImpl.java:45)
	at java.lang.reflect.Constructor.newInstance(Constructor.java:423)
	at com.mysql.cj.exceptions.ExceptionFactory.createException(ExceptionFactory.java:61)
	at com.mysql.cj.exceptions.ExceptionFactory.createException(ExceptionFactory.java:105)
	at com.mysql.cj.exceptions.ExceptionFactory.createException(ExceptionFactory.java:151)
	at com.mysql.cj.exceptions.ExceptionFactory.createCommunicationsException(ExceptionFactory.java:167)
	at com.mysql.cj.protocol.a.NativeSocketConnection.connect(NativeSocketConnection.java:91)
	at com.mysql.cj.NativeSession.connect(NativeSession.java:144)
	at com.mysql.cj.jdbc.ConnectionImpl.connectOneTryOnly(ConnectionImpl.java:956)
	at com.mysql.cj.jdbc.ConnectionImpl.createNewIO(ConnectionImpl.java:826)
	... 6 common frames omitted
Caused by: java.net.ConnectException: Connection refused: connect
	at java.net.DualStackPlainSocketImpl.connect0(Native Method)
	at java.net.DualStackPlainSocketImpl.socketConnect(DualStackPlainSocketImpl.java:79)
	at java.net.AbstractPlainSocketImpl.doConnect(AbstractPlainSocketImpl.java:350)
	at java.net.AbstractPlainSocketImpl.connectToAddress(AbstractPlainSocketImpl.java:206)
	at java.net.AbstractPlainSocketImpl.connect(AbstractPlainSocketImpl.java:188)
	at java.net.PlainSocketImpl.connect(PlainSocketImpl.java:172)
	at java.net.SocksSocketImpl.connect(SocksSocketImpl.java:392)
	at java.net.Socket.connect(Socket.java:589)
	at com.mysql.cj.protocol.StandardSocketFactory.connect(StandardSocketFactory.java:155)
	at com.mysql.cj.protocol.a.NativeSocketConnection.connect(NativeSocketConnection.java:65)
	... 9 common frames omitted
2021-01-26 23:22:51 -create connection error, url: jdbc:mysql://localhost:3307/ems-api?useUnicode=true&characterEncoding=utf8&serverTimezone=Asia/Shanghai&allowMultiQueries=true, errorCode 0, state 08S01
com.mysql.cj.jdbc.exceptions.CommunicationsException: Communications link failure

The last packet sent successfully to the server was 0 milliseconds ago. The driver has not received any packets from the server.
	at com.mysql.cj.jdbc.exceptions.SQLError.createCommunicationsException(SQLError.java:174)
	at com.mysql.cj.jdbc.exceptions.SQLExceptionsMapping.translateException(SQLExceptionsMapping.java:64)
	at com.mysql.cj.jdbc.ConnectionImpl.createNewIO(ConnectionImpl.java:836)
	at com.mysql.cj.jdbc.ConnectionImpl.<init>(ConnectionImpl.java:456)
	at com.mysql.cj.jdbc.ConnectionImpl.getInstance(ConnectionImpl.java:246)
	at com.mysql.cj.jdbc.NonRegisteringDriver.connect(NonRegisteringDriver.java:197)
	at com.alibaba.druid.pool.DruidAbstractDataSource.createPhysicalConnection(DruidAbstractDataSource.java:1452)
	at com.alibaba.druid.pool.DruidAbstractDataSource.createPhysicalConnection(DruidAbstractDataSource.java:1516)
	at com.alibaba.druid.pool.DruidDataSource$CreateConnectionThread.run(DruidDataSource.java:2080)
Caused by: com.mysql.cj.exceptions.CJCommunicationsException: Communications link failure

The last packet sent successfully to the server was 0 milliseconds ago. The driver has not received any packets from the server.
	at sun.reflect.GeneratedConstructorAccessor34.newInstance(Unknown Source)
	at sun.reflect.DelegatingConstructorAccessorImpl.newInstance(DelegatingConstructorAccessorImpl.java:45)
	at java.lang.reflect.Constructor.newInstance(Constructor.java:423)
	at com.mysql.cj.exceptions.ExceptionFactory.createException(ExceptionFactory.java:61)
	at com.mysql.cj.exceptions.ExceptionFactory.createException(ExceptionFactory.java:105)
	at com.mysql.cj.exceptions.ExceptionFactory.createException(ExceptionFactory.java:151)
	at com.mysql.cj.exceptions.ExceptionFactory.createCommunicationsException(ExceptionFactory.java:167)
	at com.mysql.cj.protocol.a.NativeSocketConnection.connect(NativeSocketConnection.java:91)
	at com.mysql.cj.NativeSession.connect(NativeSession.java:144)
	at com.mysql.cj.jdbc.ConnectionImpl.connectOneTryOnly(ConnectionImpl.java:956)
	at com.mysql.cj.jdbc.ConnectionImpl.createNewIO(ConnectionImpl.java:826)
	... 6 common frames omitted
Caused by: java.net.ConnectException: Connection refused: connect
	at java.net.DualStackPlainSocketImpl.connect0(Native Method)
	at java.net.DualStackPlainSocketImpl.socketConnect(DualStackPlainSocketImpl.java:79)
	at java.net.AbstractPlainSocketImpl.doConnect(AbstractPlainSocketImpl.java:350)
	at java.net.AbstractPlainSocketImpl.connectToAddress(AbstractPlainSocketImpl.java:206)
	at java.net.AbstractPlainSocketImpl.connect(AbstractPlainSocketImpl.java:188)
	at java.net.PlainSocketImpl.connect(PlainSocketImpl.java:172)
	at java.net.SocksSocketImpl.connect(SocksSocketImpl.java:392)
	at java.net.Socket.connect(Socket.java:589)
	at com.mysql.cj.protocol.StandardSocketFactory.connect(StandardSocketFactory.java:155)
	at com.mysql.cj.protocol.a.NativeSocketConnection.connect(NativeSocketConnection.java:65)
	... 9 common frames omitted
2021-01-26 23:22:55 -create connection error, url: jdbc:mysql://localhost:3307/ems-api?useUnicode=true&characterEncoding=utf8&serverTimezone=Asia/Shanghai&allowMultiQueries=true, errorCode 0, state 08S01
com.mysql.cj.jdbc.exceptions.CommunicationsException: Communications link failure

The last packet sent successfully to the server was 0 milliseconds ago. The driver has not received any packets from the server.
	at com.mysql.cj.jdbc.exceptions.SQLError.createCommunicationsException(SQLError.java:174)
	at com.mysql.cj.jdbc.exceptions.SQLExceptionsMapping.translateException(SQLExceptionsMapping.java:64)
	at com.mysql.cj.jdbc.ConnectionImpl.createNewIO(ConnectionImpl.java:836)
	at com.mysql.cj.jdbc.ConnectionImpl.<init>(ConnectionImpl.java:456)
	at com.mysql.cj.jdbc.ConnectionImpl.getInstance(ConnectionImpl.java:246)
	at com.mysql.cj.jdbc.NonRegisteringDriver.connect(NonRegisteringDriver.java:197)
	at com.alibaba.druid.pool.DruidAbstractDataSource.createPhysicalConnection(DruidAbstractDataSource.java:1452)
	at com.alibaba.druid.pool.DruidAbstractDataSource.createPhysicalConnection(DruidAbstractDataSource.java:1516)
	at com.alibaba.druid.pool.DruidDataSource$CreateConnectionThread.run(DruidDataSource.java:2080)
Caused by: com.mysql.cj.exceptions.CJCommunicationsException: Communications link failure

The last packet sent successfully to the server was 0 milliseconds ago. The driver has not received any packets from the server.
	at sun.reflect.GeneratedConstructorAccessor34.newInstance(Unknown Source)
	at sun.reflect.DelegatingConstructorAccessorImpl.newInstance(DelegatingConstructorAccessorImpl.java:45)
	at java.lang.reflect.Constructor.newInstance(Constructor.java:423)
	at com.mysql.cj.exceptions.ExceptionFactory.createException(ExceptionFactory.java:61)
	at com.mysql.cj.exceptions.ExceptionFactory.createException(ExceptionFactory.java:105)
	at com.mysql.cj.exceptions.ExceptionFactory.createException(ExceptionFactory.java:151)
	at com.mysql.cj.exceptions.ExceptionFactory.createCommunicationsException(ExceptionFactory.java:167)
	at com.mysql.cj.protocol.a.NativeSocketConnection.connect(NativeSocketConnection.java:91)
	at com.mysql.cj.NativeSession.connect(NativeSession.java:144)
	at com.mysql.cj.jdbc.ConnectionImpl.connectOneTryOnly(ConnectionImpl.java:956)
	at com.mysql.cj.jdbc.ConnectionImpl.createNewIO(ConnectionImpl.java:826)
	... 6 common frames omitted
Caused by: java.net.ConnectException: Connection refused: connect
	at java.net.DualStackPlainSocketImpl.connect0(Native Method)
	at java.net.DualStackPlainSocketImpl.socketConnect(DualStackPlainSocketImpl.java:79)
	at java.net.AbstractPlainSocketImpl.doConnect(AbstractPlainSocketImpl.java:350)
	at java.net.AbstractPlainSocketImpl.connectToAddress(AbstractPlainSocketImpl.java:206)
	at java.net.AbstractPlainSocketImpl.connect(AbstractPlainSocketImpl.java:188)
	at java.net.PlainSocketImpl.connect(PlainSocketImpl.java:172)
	at java.net.SocksSocketImpl.connect(SocksSocketImpl.java:392)
	at java.net.Socket.connect(Socket.java:589)
	at com.mysql.cj.protocol.StandardSocketFactory.connect(StandardSocketFactory.java:155)
	at com.mysql.cj.protocol.a.NativeSocketConnection.connect(NativeSocketConnection.java:65)
	... 9 common frames omitted
2021-01-26 23:22:59 -create connection error, url: jdbc:mysql://localhost:3307/ems-api?useUnicode=true&characterEncoding=utf8&serverTimezone=Asia/Shanghai&allowMultiQueries=true, errorCode 0, state 08S01
com.mysql.cj.jdbc.exceptions.CommunicationsException: Communications link failure

The last packet sent successfully to the server was 0 milliseconds ago. The driver has not received any packets from the server.
	at com.mysql.cj.jdbc.exceptions.SQLError.createCommunicationsException(SQLError.java:174)
	at com.mysql.cj.jdbc.exceptions.SQLExceptionsMapping.translateException(SQLExceptionsMapping.java:64)
	at com.mysql.cj.jdbc.ConnectionImpl.createNewIO(ConnectionImpl.java:836)
	at com.mysql.cj.jdbc.ConnectionImpl.<init>(ConnectionImpl.java:456)
	at com.mysql.cj.jdbc.ConnectionImpl.getInstance(ConnectionImpl.java:246)
	at com.mysql.cj.jdbc.NonRegisteringDriver.connect(NonRegisteringDriver.java:197)
	at com.alibaba.druid.pool.DruidAbstractDataSource.createPhysicalConnection(DruidAbstractDataSource.java:1452)
	at com.alibaba.druid.pool.DruidAbstractDataSource.createPhysicalConnection(DruidAbstractDataSource.java:1516)
	at com.alibaba.druid.pool.DruidDataSource$CreateConnectionThread.run(DruidDataSource.java:2080)
Caused by: com.mysql.cj.exceptions.CJCommunicationsException: Communications link failure

The last packet sent successfully to the server was 0 milliseconds ago. The driver has not received any packets from the server.
	at sun.reflect.GeneratedConstructorAccessor34.newInstance(Unknown Source)
	at sun.reflect.DelegatingConstructorAccessorImpl.newInstance(DelegatingConstructorAccessorImpl.java:45)
	at java.lang.reflect.Constructor.newInstance(Constructor.java:423)
	at com.mysql.cj.exceptions.ExceptionFactory.createException(ExceptionFactory.java:61)
	at com.mysql.cj.exceptions.ExceptionFactory.createException(ExceptionFactory.java:105)
	at com.mysql.cj.exceptions.ExceptionFactory.createException(ExceptionFactory.java:151)
	at com.mysql.cj.exceptions.ExceptionFactory.createCommunicationsException(ExceptionFactory.java:167)
	at com.mysql.cj.protocol.a.NativeSocketConnection.connect(NativeSocketConnection.java:91)
	at com.mysql.cj.NativeSession.connect(NativeSession.java:144)
	at com.mysql.cj.jdbc.ConnectionImpl.connectOneTryOnly(ConnectionImpl.java:956)
	at com.mysql.cj.jdbc.ConnectionImpl.createNewIO(ConnectionImpl.java:826)
	... 6 common frames omitted
Caused by: java.net.ConnectException: Connection refused: connect
	at java.net.DualStackPlainSocketImpl.connect0(Native Method)
	at java.net.DualStackPlainSocketImpl.socketConnect(DualStackPlainSocketImpl.java:79)
	at java.net.AbstractPlainSocketImpl.doConnect(AbstractPlainSocketImpl.java:350)
	at java.net.AbstractPlainSocketImpl.connectToAddress(AbstractPlainSocketImpl.java:206)
	at java.net.AbstractPlainSocketImpl.connect(AbstractPlainSocketImpl.java:188)
	at java.net.PlainSocketImpl.connect(PlainSocketImpl.java:172)
	at java.net.SocksSocketImpl.connect(SocksSocketImpl.java:392)
	at java.net.Socket.connect(Socket.java:589)
	at com.mysql.cj.protocol.StandardSocketFactory.connect(StandardSocketFactory.java:155)
	at com.mysql.cj.protocol.a.NativeSocketConnection.connect(NativeSocketConnection.java:65)
	... 9 common frames omitted
2021-01-26 23:23:03 -create connection error, url: jdbc:mysql://localhost:3307/ems-api?useUnicode=true&characterEncoding=utf8&serverTimezone=Asia/Shanghai&allowMultiQueries=true, errorCode 0, state 08S01
com.mysql.cj.jdbc.exceptions.CommunicationsException: Communications link failure

The last packet sent successfully to the server was 0 milliseconds ago. The driver has not received any packets from the server.
	at com.mysql.cj.jdbc.exceptions.SQLError.createCommunicationsException(SQLError.java:174)
	at com.mysql.cj.jdbc.exceptions.SQLExceptionsMapping.translateException(SQLExceptionsMapping.java:64)
	at com.mysql.cj.jdbc.ConnectionImpl.createNewIO(ConnectionImpl.java:836)
	at com.mysql.cj.jdbc.ConnectionImpl.<init>(ConnectionImpl.java:456)
	at com.mysql.cj.jdbc.ConnectionImpl.getInstance(ConnectionImpl.java:246)
	at com.mysql.cj.jdbc.NonRegisteringDriver.connect(NonRegisteringDriver.java:197)
	at com.alibaba.druid.pool.DruidAbstractDataSource.createPhysicalConnection(DruidAbstractDataSource.java:1452)
	at com.alibaba.druid.pool.DruidAbstractDataSource.createPhysicalConnection(DruidAbstractDataSource.java:1516)
	at com.alibaba.druid.pool.DruidDataSource$CreateConnectionThread.run(DruidDataSource.java:2080)
Caused by: com.mysql.cj.exceptions.CJCommunicationsException: Communications link failure

The last packet sent successfully to the server was 0 milliseconds ago. The driver has not received any packets from the server.
	at sun.reflect.GeneratedConstructorAccessor34.newInstance(Unknown Source)
	at sun.reflect.DelegatingConstructorAccessorImpl.newInstance(DelegatingConstructorAccessorImpl.java:45)
	at java.lang.reflect.Constructor.newInstance(Constructor.java:423)
	at com.mysql.cj.exceptions.ExceptionFactory.createException(ExceptionFactory.java:61)
	at com.mysql.cj.exceptions.ExceptionFactory.createException(ExceptionFactory.java:105)
	at com.mysql.cj.exceptions.ExceptionFactory.createException(ExceptionFactory.java:151)
	at com.mysql.cj.exceptions.ExceptionFactory.createCommunicationsException(ExceptionFactory.java:167)
	at com.mysql.cj.protocol.a.NativeSocketConnection.connect(NativeSocketConnection.java:91)
	at com.mysql.cj.NativeSession.connect(NativeSession.java:144)
	at com.mysql.cj.jdbc.ConnectionImpl.connectOneTryOnly(ConnectionImpl.java:956)
	at com.mysql.cj.jdbc.ConnectionImpl.createNewIO(ConnectionImpl.java:826)
	... 6 common frames omitted
Caused by: java.net.ConnectException: Connection refused: connect
	at java.net.DualStackPlainSocketImpl.connect0(Native Method)
	at java.net.DualStackPlainSocketImpl.socketConnect(DualStackPlainSocketImpl.java:79)
	at java.net.AbstractPlainSocketImpl.doConnect(AbstractPlainSocketImpl.java:350)
	at java.net.AbstractPlainSocketImpl.connectToAddress(AbstractPlainSocketImpl.java:206)
	at java.net.AbstractPlainSocketImpl.connect(AbstractPlainSocketImpl.java:188)
	at java.net.PlainSocketImpl.connect(PlainSocketImpl.java:172)
	at java.net.SocksSocketImpl.connect(SocksSocketImpl.java:392)
	at java.net.Socket.connect(Socket.java:589)
	at com.mysql.cj.protocol.StandardSocketFactory.connect(StandardSocketFactory.java:155)
	at com.mysql.cj.protocol.a.NativeSocketConnection.connect(NativeSocketConnection.java:65)
	... 9 common frames omitted
2021-01-26 23:23:10 -Starting TradeApplicationTests on Terry with PID 4860 (started by Administrator in D:\IDEA\Trade)
2021-01-26 23:23:10 -Running with Spring Boot v2.2.6.RELEASE, Spring v5.2.5.RELEASE
2021-01-26 23:23:10 -The following profiles are active: dev
2021-01-26 23:23:14 -Mapped URL path [/v2/api-docs] onto method [springfox.documentation.swagger2.web.Swagger2Controller#getDocumentation(String, HttpServletRequest)]
2021-01-26 23:23:14 -Initializing ExecutorService 'applicationTaskExecutor'
2021-01-26 23:23:15 -Using default implementation for ThreadExecutor
2021-01-26 23:23:15 -Initialized Scheduler Signaller of type: class org.quartz.core.SchedulerSignalerImpl
2021-01-26 23:23:15 -Quartz Scheduler v.2.2.1 created.
2021-01-26 23:23:15 -RAMJobStore initialized.
2021-01-26 23:23:15 -Scheduler meta-data: Quartz Scheduler (v2.2.1) 'quartzScheduler' with instanceId 'NON_CLUSTERED'
  Scheduler class: 'org.quartz.core.QuartzScheduler' - running locally.
  NOT STARTED.
  Currently in standby mode.
  Number of jobs executed: 0
  Using thread pool 'org.quartz.simpl.SimpleThreadPool' - with 10 threads.
  Using job-store 'org.quartz.simpl.RAMJobStore' - which does not support persistence. and is not clustered.

2021-01-26 23:23:15 -Quartz scheduler 'quartzScheduler' initialized from an externally provided properties instance.
2021-01-26 23:23:15 -Quartz scheduler version: 2.2.1
2021-01-26 23:23:15 -JobFactory set to: org.springframework.scheduling.quartz.SpringBeanJobFactory@481558ce
2021-01-26 23:23:15 -Context refreshed
2021-01-26 23:23:15 -Found 1 custom documentation plugin(s)
2021-01-26 23:23:15 -Scanning for api listing references
2021-01-26 23:23:15 -Starting Quartz Scheduler now
2021-01-26 23:23:15 -Scheduler quartzScheduler_$_NON_CLUSTERED started.
2021-01-26 23:23:15 -Started TradeApplicationTests in 6.481 seconds (JVM running for 8.915)
2021-01-26 23:23:16 -{dataSource-1} inited
2021-01-26 23:23:19 -==>  Preparing: delete from trade_input; 
2021-01-26 23:23:19 -==> Parameters: 
2021-01-26 23:23:19 -<==    Updates: 9
2021-01-26 23:23:19 -A
2021-01-26 23:23:19 -securityCodeOld
2021-01-26 23:23:19 -==>  Preparing: insert into trade_input ( `TRANSCATION_ID`, `TRADE_ID`, `VERSION`, `SECURITY_CODE`, `QUANTITY`, `OPERATION_TYPE`, `SELL_TYPE`, `OPERATION_DATE`, `IS_VALID`, `REAL_QUANTITY` ) values ( ?, ?, ?, ?, ?, ?, ?, ?, ?, ? ) 
2021-01-26 23:23:19 -==> Parameters: 1(Integer), 1(Integer), 1(Integer), REL(String), 50(Integer), INSERT(String), Buy(String), 2021-01-26 23:23:19.194(Timestamp), Y(String), 50(Integer)
2021-01-26 23:23:19 -<==    Updates: 1
2021-01-26 23:23:19 -==>  Preparing: delete from trade_output where security_Code in ( ? ) 
2021-01-26 23:23:19 -==> Parameters: REL(String)
2021-01-26 23:23:19 -<==    Updates: 1
2021-01-26 23:23:19 -==>  Preparing: select sum(a.REAL_QUANTITY) 'QUANTITY',a.SECURITY_CODE from trade_input a where is_Valid='Y' and security_Code in ( ? ) group by a.SECURITY_CODE 
2021-01-26 23:23:19 -==> Parameters: REL(String)
2021-01-26 23:23:19 -<==      Total: 1
2021-01-26 23:23:19 -==>  Preparing: insert into trade_output (SECURITY_CODE, QUANTITY ) values ( ?, ? ) 
2021-01-26 23:23:19 -==> Parameters: REL(String), 50(Integer)
2021-01-26 23:23:19 -<==    Updates: 1
2021-01-26 23:23:21 -securityCodeOld
2021-01-26 23:23:21 -==>  Preparing: insert into trade_input ( `TRANSCATION_ID`, `TRADE_ID`, `VERSION`, `SECURITY_CODE`, `QUANTITY`, `OPERATION_TYPE`, `SELL_TYPE`, `OPERATION_DATE`, `IS_VALID`, `REAL_QUANTITY` ) values ( ?, ?, ?, ?, ?, ?, ?, ?, ?, ? ) 
2021-01-26 23:23:21 -==> Parameters: 2(Integer), 2(Integer), 1(Integer), ITC(String), 40(Integer), INSERT(String), Sell(String), 2021-01-26 23:23:21.83(Timestamp), Y(String), -40(Integer)
2021-01-26 23:23:21 -<==    Updates: 1
2021-01-26 23:23:21 -==>  Preparing: delete from trade_output where security_Code in ( ? ) 
2021-01-26 23:23:21 -==> Parameters: ITC(String)
2021-01-26 23:23:22 -<==    Updates: 1
2021-01-26 23:23:22 -==>  Preparing: select sum(a.REAL_QUANTITY) 'QUANTITY',a.SECURITY_CODE from trade_input a where is_Valid='Y' and security_Code in ( ? ) group by a.SECURITY_CODE 
2021-01-26 23:23:22 -==> Parameters: ITC(String)
2021-01-26 23:23:23 -<==      Total: 1
2021-01-26 23:23:23 -==>  Preparing: insert into trade_output (SECURITY_CODE, QUANTITY ) values ( ?, ? ) 
2021-01-26 23:23:23 -==> Parameters: ITC(String), -40(Integer)
2021-01-26 23:23:23 -<==    Updates: 1
2021-01-26 23:23:23 -securityCodeOld
2021-01-26 23:23:23 -==>  Preparing: insert into trade_input ( `TRANSCATION_ID`, `TRADE_ID`, `VERSION`, `SECURITY_CODE`, `QUANTITY`, `OPERATION_TYPE`, `SELL_TYPE`, `OPERATION_DATE`, `IS_VALID`, `REAL_QUANTITY` ) values ( ?, ?, ?, ?, ?, ?, ?, ?, ?, ? ) 
2021-01-26 23:23:23 -==> Parameters: 3(Integer), 3(Integer), 1(Integer), INF(String), 70(Integer), INSERT(String), Buy(String), 2021-01-26 23:23:23.741(Timestamp), Y(String), 70(Integer)
2021-01-26 23:23:23 -<==    Updates: 1
2021-01-26 23:23:23 -==>  Preparing: delete from trade_output where security_Code in ( ? ) 
2021-01-26 23:23:23 -==> Parameters: INF(String)
2021-01-26 23:23:23 -<==    Updates: 1
2021-01-26 23:23:23 -==>  Preparing: select sum(a.REAL_QUANTITY) 'QUANTITY',a.SECURITY_CODE from trade_input a where is_Valid='Y' and security_Code in ( ? ) group by a.SECURITY_CODE 
2021-01-26 23:23:23 -==> Parameters: INF(String)
2021-01-26 23:23:24 -<==      Total: 1
2021-01-26 23:23:24 -==>  Preparing: insert into trade_output (SECURITY_CODE, QUANTITY ) values ( ?, ? ) 
2021-01-26 23:23:24 -==> Parameters: INF(String), 70(Integer)
2021-01-26 23:23:24 -<==    Updates: 1
2021-01-26 23:23:25 -==>  Preparing: select a.TRANSACTION_OUTPUT_ID,a.SECURITY_CODE,a.QUANTITY from trade_output a WHERE 1 = 1 order by a.TRANSACTION_OUTPUT_ID desc 
2021-01-26 23:23:25 -==> Parameters: 
2021-01-26 23:23:25 -<==      Total: 3
2021-01-26 23:23:25 -B
2021-01-26 23:23:25 -==>  Preparing: select a.TRADE_INPUT_ID,a.TRANSCATION_ID,a.TRADE_ID,a.VERSION,a.SECURITY_CODE,a.QUANTITY,a.OPERATION_TYPE,a.SELL_TYPE,a.OPERATION_DATE,a.IS_VALID,a.REAL_QUANTITY from trade_input a WHERE 1 = 1 and a.TRADE_ID = ? and a.IS_VALID = ? order by a.TRADE_INPUT_ID desc 
2021-01-26 23:23:25 -==> Parameters: 1(Integer), Y(String)
2021-01-26 23:23:25 -<==      Total: 1
2021-01-26 23:23:25 -tradeInputs
2021-01-26 23:23:25 -==>  Preparing: update trade_input SET `TRANSCATION_ID` = ?, `TRADE_ID` = ?, `VERSION` = ?, `SECURITY_CODE` = ?, `QUANTITY` = ?, `OPERATION_TYPE` = ?, `SELL_TYPE` = ?, `OPERATION_DATE` = ?, `IS_VALID` = ?, `REAL_QUANTITY` = ? where TRADE_INPUT_ID = ? 
2021-01-26 23:23:25 -==> Parameters: 1(Integer), 1(Integer), 1(Integer), REL(String), 50(Integer), INSERT(String), Buy(String), 2021-01-26 23:23:19.0(Timestamp), N(String), 50(Integer), 203(Integer)
2021-01-26 23:23:25 -<==    Updates: 1
2021-01-26 23:23:25 -securityCodeOld
2021-01-26 23:23:25 -==>  Preparing: insert into trade_input ( `TRANSCATION_ID`, `TRADE_ID`, `VERSION`, `SECURITY_CODE`, `QUANTITY`, `OPERATION_TYPE`, `SELL_TYPE`, `OPERATION_DATE`, `IS_VALID`, `REAL_QUANTITY` ) values ( ?, ?, ?, ?, ?, ?, ?, ?, ?, ? ) 
2021-01-26 23:23:25 -==> Parameters: 4(Integer), 1(Integer), 2(Integer), REL(String), 60(Integer), UPDATE(String), Buy(String), 2021-01-26 23:23:25.116(Timestamp), Y(String), 60(Integer)
2021-01-26 23:23:25 -<==    Updates: 1
2021-01-26 23:23:25 -==>  Preparing: delete from trade_output where security_Code in ( ? ) 
2021-01-26 23:23:25 -==> Parameters: REL(String)
2021-01-26 23:23:26 -<==    Updates: 1
2021-01-26 23:23:26 -==>  Preparing: select sum(a.REAL_QUANTITY) 'QUANTITY',a.SECURITY_CODE from trade_input a where is_Valid='Y' and security_Code in ( ? ) group by a.SECURITY_CODE 
2021-01-26 23:23:26 -==> Parameters: REL(String)
2021-01-26 23:23:26 -<==      Total: 1
2021-01-26 23:23:26 -==>  Preparing: insert into trade_output (SECURITY_CODE, QUANTITY ) values ( ?, ? ) 
2021-01-26 23:23:26 -==> Parameters: REL(String), 60(Integer)
2021-01-26 23:23:26 -<==    Updates: 1
2021-01-26 23:23:26 -==>  Preparing: select a.TRANSACTION_OUTPUT_ID,a.SECURITY_CODE,a.QUANTITY from trade_output a WHERE 1 = 1 order by a.TRANSACTION_OUTPUT_ID desc 
2021-01-26 23:23:26 -==> Parameters: 
2021-01-26 23:23:26 -<==      Total: 3
2021-01-26 23:23:26 -C
2021-01-26 23:23:26 -==>  Preparing: select a.TRADE_INPUT_ID,a.TRANSCATION_ID,a.TRADE_ID,a.VERSION,a.SECURITY_CODE,a.QUANTITY,a.OPERATION_TYPE,a.SELL_TYPE,a.OPERATION_DATE,a.IS_VALID,a.REAL_QUANTITY from trade_input a WHERE 1 = 1 and a.TRADE_ID = ? and a.IS_VALID = ? order by a.TRADE_INPUT_ID desc 
2021-01-26 23:23:26 -==> Parameters: 2(Integer), Y(String)
2021-01-26 23:23:26 -<==      Total: 1
2021-01-26 23:23:26 -tradeInputs
2021-01-26 23:23:26 -==>  Preparing: update trade_input SET `TRANSCATION_ID` = ?, `TRADE_ID` = ?, `VERSION` = ?, `SECURITY_CODE` = ?, `QUANTITY` = ?, `OPERATION_TYPE` = ?, `SELL_TYPE` = ?, `OPERATION_DATE` = ?, `IS_VALID` = ?, `REAL_QUANTITY` = ? where TRADE_INPUT_ID = ? 
2021-01-26 23:23:26 -==> Parameters: 2(Integer), 2(Integer), 1(Integer), ITC(String), 40(Integer), INSERT(String), Sell(String), 2021-01-26 23:23:22.0(Timestamp), N(String), -40(Integer), 204(Integer)
2021-01-26 23:23:27 -<==    Updates: 1
2021-01-26 23:23:27 -securityCodeOld
2021-01-26 23:23:27 -==>  Preparing: insert into trade_input ( `TRANSCATION_ID`, `TRADE_ID`, `VERSION`, `SECURITY_CODE`, `QUANTITY`, `OPERATION_TYPE`, `SELL_TYPE`, `OPERATION_DATE`, `IS_VALID`, `REAL_QUANTITY` ) values ( ?, ?, ?, ?, ?, ?, ?, ?, ?, ? ) 
2021-01-26 23:23:27 -==> Parameters: 5(Integer), 2(Integer), 2(Integer), ITC(String), 30(Integer), CANCEL(String), Buy(String), 2021-01-26 23:23:27.685(Timestamp), Y(String), 0(Integer)
2021-01-26 23:23:27 -<==    Updates: 1
2021-01-26 23:23:27 -==>  Preparing: delete from trade_output where security_Code in ( ? ) 
2021-01-26 23:23:27 -==> Parameters: ITC(String)
2021-01-26 23:23:28 -<==    Updates: 1
2021-01-26 23:23:28 -==>  Preparing: select sum(a.REAL_QUANTITY) 'QUANTITY',a.SECURITY_CODE from trade_input a where is_Valid='Y' and security_Code in ( ? ) group by a.SECURITY_CODE 
2021-01-26 23:23:28 -==> Parameters: ITC(String)
2021-01-26 23:23:28 -<==      Total: 1
2021-01-26 23:23:28 -==>  Preparing: insert into trade_output (SECURITY_CODE, QUANTITY ) values ( ?, ? ) 
2021-01-26 23:23:28 -==> Parameters: ITC(String), 0(Integer)
2021-01-26 23:23:28 -<==    Updates: 1
2021-01-26 23:23:28 -==>  Preparing: select a.TRANSACTION_OUTPUT_ID,a.SECURITY_CODE,a.QUANTITY from trade_output a WHERE 1 = 1 order by a.TRANSACTION_OUTPUT_ID desc 
2021-01-26 23:23:28 -==> Parameters: 
2021-01-26 23:23:28 -<==      Total: 3
2021-01-26 23:23:28 -D
2021-01-26 23:23:30 -securityCodeOld
2021-01-26 23:23:30 -==>  Preparing: insert into trade_input ( `TRANSCATION_ID`, `TRADE_ID`, `VERSION`, `SECURITY_CODE`, `QUANTITY`, `OPERATION_TYPE`, `SELL_TYPE`, `OPERATION_DATE`, `IS_VALID`, `REAL_QUANTITY` ) values ( ?, ?, ?, ?, ?, ?, ?, ?, ?, ? ) 
2021-01-26 23:23:30 -==> Parameters: 6(Integer), 4(Integer), 1(Integer), INF(String), 20(Integer), INSERT(String), Sell(String), 2021-01-26 23:23:30.805(Timestamp), Y(String), -20(Integer)
2021-01-26 23:23:30 -<==    Updates: 1
2021-01-26 23:23:30 -==>  Preparing: delete from trade_output where security_Code in ( ? ) 
2021-01-26 23:23:30 -==> Parameters: INF(String)
2021-01-26 23:23:30 -<==    Updates: 1
2021-01-26 23:23:30 -==>  Preparing: select sum(a.REAL_QUANTITY) 'QUANTITY',a.SECURITY_CODE from trade_input a where is_Valid='Y' and security_Code in ( ? ) group by a.SECURITY_CODE 
2021-01-26 23:23:30 -==> Parameters: INF(String)
2021-01-26 23:23:30 -<==      Total: 1
2021-01-26 23:23:30 -==>  Preparing: insert into trade_output (SECURITY_CODE, QUANTITY ) values ( ?, ? ) 
2021-01-26 23:23:30 -==> Parameters: INF(String), 50(Integer)
2021-01-26 23:23:32 -<==    Updates: 1
2021-01-26 23:23:33 -==>  Preparing: select a.TRANSACTION_OUTPUT_ID,a.SECURITY_CODE,a.QUANTITY from trade_output a WHERE 1 = 1 order by a.TRANSACTION_OUTPUT_ID desc 
2021-01-26 23:23:33 -==> Parameters: 
2021-01-26 23:23:37 -<==      Total: 3
2021-01-26 23:23:37 -Scheduler quartzScheduler_$_NON_CLUSTERED paused.
2021-01-26 23:23:37 -Shutting down Quartz Scheduler
2021-01-26 23:23:37 -Scheduler quartzScheduler_$_NON_CLUSTERED shutting down.
2021-01-26 23:23:37 -Scheduler quartzScheduler_$_NON_CLUSTERED paused.
2021-01-26 23:23:37 -Scheduler quartzScheduler_$_NON_CLUSTERED shutdown complete.
2021-01-26 23:23:37 -Shutting down ExecutorService 'applicationTaskExecutor'
2021-01-26 23:23:37 -{dataSource-1} closed
